{"numTotalTestSuites":732,"numPassedTestSuites":719,"numFailedTestSuites":13,"numPendingTestSuites":0,"numTotalTests":2198,"numPassedTests":2178,"numFailedTests":20,"numPendingTests":0,"numTodoTests":0,"snapshot":{"added":0,"failure":false,"filesAdded":0,"filesRemoved":0,"filesRemovedList":[],"filesUnmatched":0,"filesUpdated":0,"matched":0,"total":0,"unchecked":0,"uncheckedKeysByFile":[],"unmatched":0,"updated":0,"didUpdate":false},"startTime":1786566284600,"success":false,"testResults":[{"assertionResults":[{"ancestorTitles":["sanitizeNoticeHtml"],"fullName":"sanitizeNoticeHtml removes script tags on the server fallback","status":"passed","title":"removes script tags on the server fallback","duration":1.68719999999999,"failureMessages":[],"meta":{},"tags":[]},{"ancestorTitles":["sanitizeNoticeHtml"],"fullName":"sanitizeNoticeHtml preserves allowed notice markup","status":"passed","title":"preserves allowed notice markup","duration":0.25329999999999586,"failureMessages":[],"meta":{},"tags":[]}],"startTime":1786566288248,"endTime":1786566288250.2534,"status":"passed","message":"","name":"C:/Users/joker/Documents/GitHub/1/app/lib/noticeSanitize.test.ts"},{"assertionResults":[{"ancestorTitles":["normalizeSessionFileUrls"],"fullName":"normalizeSessionFileUrls 빈·잘못된 값은 제외한다","status":"passed","title":"빈·잘못된 값은 제외한다","duration":1.669700000000006,"failureMessages":[],"meta":{},"tags":[]},{"ancestorTitles":["formatWeeklyBestFeedbackText"],"fullName":"formatWeeklyBestFeedbackText feedback_note가 있으면 세션·첨부 내용보다 우선한다","status":"passed","title":"feedback_note가 있으면 세션·첨부 내용보다 우선한다","duration":0.31220000000001846,"failureMessages":[],"meta":{},"tags":[]},{"ancestorTitles":["formatWeeklyBestFeedbackText"],"fullName":"formatWeeklyBestFeedbackText feedback_note가 없으면 센터 첨부 파일명을 표시한다","status":"passed","title":"feedback_note가 없으면 센터 첨부 파일명을 표시한다","duration":0.3721999999999639,"failureMessages":[],"meta":{},"tags":[]}],"startTime":1786566288530,"endTime":1786566288532.3723,"status":"passed","message":"","name":"C:/Users/joker/Documents/GitHub/1/app/lib/weeklyBestFeedback.test.ts"},{"assertionResults":[{"ancestorTitles":["SPOKEDU MASTER billing readiness (P5)"],"fullName":"SPOKEDU MASTER billing readiness (P5) requires recurring billing columns in data-integrity required_columns","status":"passed","title":"requires recurring billing columns in data-integrity required_columns","duration":1.420500000000004,"failureMessages":[],"meta":{},"tags":[]},{"ancestorTitles":["SPOKEDU MASTER billing readiness (P5)"],"fullName":"SPOKEDU MASTER billing readiness (P5) keeps payment-reconcile apply mode intentionally blocked with exit 2","status":"passed","title":"keeps payment-reconcile apply mode intentionally blocked with exit 2","duration":0.850200000000001,"failureMessages":[],"meta":{},"tags":[]},{"ancestorTitles":["SPOKEDU MASTER billing readiness (P5)"],"fullName":"SPOKEDU MASTER billing readiness (P5) documents billing/issue + cancel path instead of legacy confirm-only access grant","status":"passed","title":"documents billing/issue + cancel path instead of legacy confirm-only access grant","duration":0.40690000000000737,"failureMessages":[],"meta":{},"tags":[]},{"ancestorTitles":["SPOKEDU MASTER billing readiness (P5)"],"fullName":"SPOKEDU MASTER billing readiness (P5) keeps issue/renew source order: claim → charge → apply (no billingKey in JSON)","status":"passed","title":"keeps issue/renew source order: claim → charge → apply (no billingKey in JSON)","duration":0.62469999999999,"failureMessages":[],"meta":{},"tags":[]}],"startTime":1786566287141,"endTime":1786566287144.6248,"status":"passed","message":"","name":"C:/Users/joker/Documents/GitHub/1/app/spokedu-master/billingReadinessP5.contract.test.ts"},{"assertionResults":[{"ancestorTitles":["SPOKEDU MASTER business info contract"],"fullName":"SPOKEDU MASTER business info contract has the confirmed business name","status":"passed","title":"has the confirmed business name","duration":0.9331999999999994,"failureMessages":[],"meta":{},"tags":[]},{"ancestorTitles":["SPOKEDU MASTER business info contract"],"fullName":"SPOKEDU MASTER business info contract has the confirmed representative and email","status":"passed","title":"has the confirmed representative and email","duration":0.14150000000000773,"failureMessages":[],"meta":{},"tags":[]},{"ancestorTitles":["SPOKEDU MASTER business info contract"],"fullName":"SPOKEDU MASTER business info contract has the confirmed phone number and address","status":"passed","title":"has the confirmed phone number and address","duration":0.20629999999999882,"failureMessages":[],"meta":{},"tags":[]},{"ancestorTitles":["SPOKEDU MASTER business info contract"],"fullName":"SPOKEDU MASTER business info contract generates correct contact hrefs","status":"passed","title":"generates correct contact hrefs","duration":0.14650000000000318,"failureMessages":[],"meta":{},"tags":[]},{"ancestorTitles":["SPOKEDU MASTER business info contract"],"fullName":"SPOKEDU MASTER business info contract removes old business name and address from user-facing source","status":"passed","title":"removes old business name and address from user-facing source","duration":1.4925000000000068,"failureMessages":[],"meta":{},"tags":[]},{"ancestorTitles":["SPOKEDU MASTER business info contract"],"fullName":"SPOKEDU MASTER business info contract shows correct values in landing footer","status":"passed","title":"shows correct values in landing footer","duration":0.4913999999999987,"failureMessages":[],"meta":{},"tags":[]},{"ancestorTitles":["SPOKEDU MASTER business info contract"],"fullName":"SPOKEDU MASTER business info contract uses single source for all business info in landing footer","status":"passed","title":"uses single source for all business info in landing footer","duration":0.3867999999999938,"failureMessages":[],"meta":{},"tags":[]}],"startTime":1786566286409,"endTime":1786566286412.4915,"status":"passed","message":"","name":"C:/Users/joker/Documents/GitHub/1/app/spokedu-master/businessInfo.contract.test.ts"},{"assertionResults":[{"ancestorTitles":["SPOKEDU MASTER class tools placement"],"fullName":"SPOKEDU MASTER class tools placement keeps class tools out of discovery entry points","status":"passed","title":"keeps class tools out of discovery entry points","duration":2.1204999999999927,"failureMessages":[],"meta":{},"tags":[]},{"ancestorTitles":["SPOKEDU MASTER class tools placement"],"fullName":"SPOKEDU MASTER class tools placement adds class tools to primary navigation","status":"passed","title":"adds class tools to primary navigation","duration":1.0427999999999997,"failureMessages":[],"meta":{},"tags":[]},{"ancestorTitles":["SPOKEDU MASTER class tools placement"],"fullName":"SPOKEDU MASTER class tools placement ClassToolsView operates as standalone tool without lesson context","status":"passed","title":"ClassToolsView operates as standalone tool without lesson context","duration":0.3896000000000015,"failureMessages":[],"meta":{},"tags":[]},{"ancestorTitles":["SPOKEDU MASTER class tools placement"],"fullName":"SPOKEDU MASTER class tools placement lets teachers use quick presets and custom minutes/seconds for the timer","status":"passed","title":"lets teachers use quick presets and custom minutes/seconds for the timer","duration":0.3879000000000019,"failureMessages":[],"meta":{},"tags":[]}],"startTime":1786566286667,"endTime":1786566286670.3896,"status":"passed","message":"","name":"C:/Users/joker/Documents/GitHub/1/app/spokedu-master/classToolsPlacement.contract.test.ts"},{"assertionResults":[{"ancestorTitles":["SPOKEDU MASTER commercial tier gate contracts"],"fullName":"SPOKEDU MASTER commercial tier gate contracts redacts premium lesson details in the programs API before returning data","status":"passed","title":"redacts premium lesson details in the programs API before returning data","duration":1.0966999999999985,"failureMessages":[],"meta":{},"tags":[]},{"ancestorTitles":["SPOKEDU MASTER commercial tier gate contracts"],"fullName":"SPOKEDU MASTER commercial tier gate contracts does not treat an active Lite subscription as premium in the library UI","status":"passed","title":"does not treat an active Lite subscription as premium in the library UI","duration":0.5118999999999971,"failureMessages":[],"meta":{},"tags":[]},{"ancestorTitles":["SPOKEDU MASTER commercial tier gate contracts"],"fullName":"SPOKEDU MASTER commercial tier gate contracts blocks direct premium lesson detail access for non-premium users","status":"passed","title":"blocks direct premium lesson detail access for non-premium users","duration":0.3943999999999903,"failureMessages":[],"meta":{},"tags":[]},{"ancestorTitles":["SPOKEDU MASTER commercial tier gate contracts"],"fullName":"SPOKEDU MASTER commercial tier gate contracts hides locked lesson preview content and routes to premium payment","status":"passed","title":"hides locked lesson preview content and routes to premium payment","duration":0.49320000000000164,"failureMessages":[],"meta":{},"tags":[]},{"ancestorTitles":["SPOKEDU MASTER commercial tier gate contracts"],"fullName":"SPOKEDU MASTER commercial tier gate contracts does not fake success for active subscriptions during Lite to Premium billing","status":"passed","title":"does not fake success for active subscriptions during Lite to Premium billing","duration":0.35089999999999577,"failureMessages":[],"meta":{},"tags":[]},{"ancestorTitles":["SPOKEDU MASTER commercial tier gate contracts"],"fullName":"SPOKEDU MASTER commercial tier gate contracts requires payment success to match the requested plan and the active access plan","status":"passed","title":"requires payment success to match the requested plan and the active access plan","duration":0.2617999999999938,"failureMessages":[],"meta":{},"tags":[]}],"startTime":1786566286297,"endTime":1786566286300.2617,"status":"passed","message":"","name":"C:/Users/joker/Documents/GitHub/1/app/spokedu-master/commercialTierGate.contract.test.ts"},{"assertionResults":[{"ancestorTitles":["SPOKEDU MASTER craft + selection reasons (P3)"],"fullName":"SPOKEDU MASTER craft + selection reasons (P3) clears all pendingP3Tighten flags and bans tag-only SPOMOVE","status":"passed","title":"clears all pendingP3Tighten flags and bans tag-only SPOMOVE","duration":1.5314000000000192,"failureMessages":[],"meta":{},"tags":[]},{"ancestorTitles":["SPOKEDU MASTER craft + selection reasons (P3)"],"fullName":"SPOKEDU MASTER craft + selection reasons (P3) keeps library and home cards on the same selection-reason vocabulary","status":"passed","title":"keeps library and home cards on the same selection-reason vocabulary","duration":0.6103999999999701,"failureMessages":[],"meta":{},"tags":[]},{"ancestorTitles":["SPOKEDU MASTER craft + selection reasons (P3)"],"fullName":"SPOKEDU MASTER craft + selection reasons (P3) routes onboarding/class-tools/record empty CTAs through spm-btn-primary","status":"passed","title":"routes onboarding/class-tools/record empty CTAs through spm-btn-primary","duration":0.9984000000000037,"failureMessages":[],"meta":{},"tags":[]},{"ancestorTitles":["SPOKEDU MASTER craft + selection reasons (P3)"],"fullName":"SPOKEDU MASTER craft + selection reasons (P3) keeps CompactOpsBar height contract while craft work lands","status":"passed","title":"keeps CompactOpsBar height contract while craft work lands","duration":0.303799999999967,"failureMessages":[],"meta":{},"tags":[]}],"startTime":1786566286725,"endTime":1786566286728.3037,"status":"passed","message":"","name":"C:/Users/joker/Documents/GitHub/1/app/spokedu-master/craftP3.contract.test.ts"},{"assertionResults":[{"ancestorTitles":["SPOKEDU MASTER day loop journey (P2)"],"fullName":"SPOKEDU MASTER day loop journey (P2) starts the day from library detail: assign today + open record","status":"passed","title":"starts the day from library detail: assign today + open record","duration":1.0193999999999903,"failureMessages":[],"meta":{},"tags":[]},{"ancestorTitles":["SPOKEDU MASTER day loop journey (P2)"],"fullName":"SPOKEDU MASTER day loop journey (P2) keeps CompactOpsBar today_lesson as prepare/record without growing the bar","status":"passed","title":"keeps CompactOpsBar today_lesson as prepare/record without growing the bar","duration":0.19269999999997367,"failureMessages":[],"meta":{},"tags":[]},{"ancestorTitles":["SPOKEDU MASTER day loop journey (P2)"],"fullName":"SPOKEDU MASTER day loop journey (P2) closes record and report back to home with loop CTAs","status":"passed","title":"closes record and report back to home with loop CTAs","duration":0.1507999999999754,"failureMessages":[],"meta":{},"tags":[]},{"ancestorTitles":["SPOKEDU MASTER day loop journey (P2)"],"fullName":"SPOKEDU MASTER day loop journey (P2) keeps home ops + loop action selection wired for returning teachers","status":"passed","title":"keeps home ops + loop action selection wired for returning teachers","duration":0.12290000000001555,"failureMessages":[],"meta":{},"tags":[]},{"ancestorTitles":["SPOKEDU MASTER day loop journey (P2)"],"fullName":"SPOKEDU MASTER day loop journey (P2) keeps SPOMOVE start as the post-home screen activity step","status":"passed","title":"keeps SPOMOVE start as the post-home screen activity step","duration":0.13049999999998363,"failureMessages":[],"meta":{},"tags":[]}],"startTime":1786566288318,"endTime":1786566288320.1306,"status":"passed","message":"","name":"C:/Users/joker/Documents/GitHub/1/app/spokedu-master/dayLoop.contract.test.ts"},{"assertionResults":[{"ancestorTitles":["SPOKEDU MASTER entitlement matrix (P1)"],"fullName":"SPOKEDU MASTER entitlement matrix (P1) locks server access snapshot to the commercial capability matrix","status":"passed","title":"locks server access snapshot to the commercial capability matrix","duration":2.18689999999998,"failureMessages":[],"meta":{},"tags":[]},{"ancestorTitles":["SPOKEDU MASTER entitlement matrix (P1)"],"fullName":"SPOKEDU MASTER entitlement matrix (P1) keeps product catalog entitlements aligned with the same matrix","status":"passed","title":"keeps product catalog entitlements aligned with the same matrix","duration":0.38929999999999154,"failureMessages":[],"meta":{},"tags":[]},{"ancestorTitles":["SPOKEDU MASTER entitlement matrix (P1)"],"fullName":"SPOKEDU MASTER entitlement matrix (P1) maps protected routes to the matrix capability keys","status":"passed","title":"maps protected routes to the matrix capability keys","duration":0.36650000000003047,"failureMessages":[],"meta":{},"tags":[]},{"ancestorTitles":["SPOKEDU MASTER entitlement matrix (P1)"],"fullName":"SPOKEDU MASTER entitlement matrix (P1) keeps TabBar and AppShell capability checks on the same snapshot flags","status":"passed","title":"keeps TabBar and AppShell capability checks on the same snapshot flags","duration":0.8181000000000154,"failureMessages":[],"meta":{},"tags":[]},{"ancestorTitles":["SPOKEDU MASTER entitlement matrix (P1)"],"fullName":"SPOKEDU MASTER entitlement matrix (P1) keeps GateWall copy honest for Lite→Premium records/SPOMOVE and expired renewals","status":"passed","title":"keeps GateWall copy honest for Lite→Premium records/SPOMOVE and expired renewals","duration":0.33020000000004757,"failureMessages":[],"meta":{},"tags":[]},{"ancestorTitles":["SPOKEDU MASTER entitlement matrix (P1)"],"fullName":"SPOKEDU MASTER entitlement matrix (P1) keeps landing Lite includes honest to the matrix (no records on Lite)","status":"passed","title":"keeps landing Lite includes honest to the matrix (no records on Lite)","duration":0.4533999999999878,"failureMessages":[],"meta":{},"tags":[]}],"startTime":1786566286743,"endTime":1786566286748.4534,"status":"passed","message":"","name":"C:/Users/joker/Documents/GitHub/1/app/spokedu-master/entitlementMatrix.contract.test.ts"},{"assertionResults":[{"ancestorTitles":["SPOKEDU MASTER entry, onboarding, and access gate contracts"],"fullName":"SPOKEDU MASTER entry, onboarding, and access gate contracts routes the app root by onboarding completion without forcing payment","status":"passed","title":"routes the app root by onboarding completion without forcing payment","duration":1.5485999999999933,"failureMessages":[],"meta":{},"tags":[]},{"ancestorTitles":["SPOKEDU MASTER entry, onboarding, and access gate contracts"],"fullName":"SPOKEDU MASTER entry, onboarding, and access gate contracts keeps onboarding to account setup only","status":"passed","title":"keeps onboarding to account setup only","duration":0.46189999999998577,"failureMessages":[],"meta":{},"tags":[]},{"ancestorTitles":["SPOKEDU MASTER entry, onboarding, and access gate contracts"],"fullName":"SPOKEDU MASTER entry, onboarding, and access gate contracts keeps SubscriptionGateWall as a presentation-only gate","status":"passed","title":"keeps SubscriptionGateWall as a presentation-only gate","duration":0.8208999999999946,"failureMessages":[],"meta":{},"tags":[]},{"ancestorTitles":["SPOKEDU MASTER entry, onboarding, and access gate contracts"],"fullName":"SPOKEDU MASTER entry, onboarding, and access gate contracts keeps AppShell responsible for auth, onboarding, and route gate only","status":"passed","title":"keeps AppShell responsible for auth, onboarding, and route gate only","duration":0.5060000000000002,"failureMessages":[],"meta":{},"tags":[]},{"ancestorTitles":["SPOKEDU MASTER entry, onboarding, and access gate contracts"],"fullName":"SPOKEDU MASTER entry, onboarding, and access gate contracts does not keep duplicate page-level gates for protected feature pages","status":"passed","title":"does not keep duplicate page-level gates for protected feature pages","duration":1.1869000000000085,"failureMessages":[],"meta":{},"tags":[]}],"startTime":1786566285939,"endTime":1786566285943.187,"status":"passed","message":"","name":"C:/Users/joker/Documents/GitHub/1/app/spokedu-master/entryOnboardingAccess.contract.test.ts"},{"assertionResults":[{"ancestorTitles":["lesson discovery and execution flow contract"],"fullName":"lesson discovery and execution flow contract shows decision metadata and non-conflicting card actions in the library","status":"passed","title":"shows decision metadata and non-conflicting card actions in the library","duration":1.4440999999999917,"failureMessages":[],"meta":{},"tags":[]},{"ancestorTitles":["lesson discovery and execution flow contract"],"fullName":"lesson discovery and execution flow contract keeps preview focused on quick suitability information","status":"passed","title":"keeps preview focused on quick suitability information","duration":0.19819999999998572,"failureMessages":[],"meta":{},"tags":[]},{"ancestorTitles":["lesson discovery and execution flow contract"],"fullName":"lesson discovery and execution flow contract declares the full lesson material hierarchy and primary CTA routes","status":"passed","title":"declares the full lesson material hierarchy and primary CTA routes","duration":0.14519999999998845,"failureMessages":[],"meta":{},"tags":[]},{"ancestorTitles":["lesson discovery and execution flow contract"],"fullName":"lesson discovery and execution flow contract keeps photo-first home with CompactOpsBar only for ops","status":"passed","title":"keeps photo-first home with CompactOpsBar only for ops","duration":1.1454999999999984,"failureMessages":[],"meta":{},"tags":[]}],"startTime":1786566287790,"endTime":1786566287793.1455,"status":"passed","message":"","name":"C:/Users/joker/Documents/GitHub/1/app/spokedu-master/lessonFlow.contract.test.ts"},{"assertionResults":[{"ancestorTitles":["SPOKEDU MASTER live gate packaging (P6)"],"fullName":"SPOKEDU MASTER live gate packaging (P6) keeps student report target smoke in commercial suite","status":"passed","title":"keeps student report target smoke in commercial suite","duration":1.4680999999999926,"failureMessages":[],"meta":{},"tags":[]},{"ancestorTitles":["SPOKEDU MASTER live gate packaging (P6)"],"fullName":"SPOKEDU MASTER live gate packaging (P6) keeps reconcile --apply blocked with recovery plan only","status":"passed","title":"keeps reconcile --apply blocked with recovery plan only","duration":0.3120000000000118,"failureMessages":[],"meta":{},"tags":[]},{"ancestorTitles":["SPOKEDU MASTER live gate packaging (P6)"],"fullName":"SPOKEDU MASTER live gate packaging (P6) requires Toss authKey/customerKey for --complete-billing and labels mock as no Toss","status":"passed","title":"requires Toss authKey/customerKey for --complete-billing and labels mock as no Toss","duration":0.2867999999999995,"failureMessages":[],"meta":{},"tags":[]},{"ancestorTitles":["SPOKEDU MASTER live gate packaging (P6)"],"fullName":"SPOKEDU MASTER live gate packaging (P6) ops-readiness still points at real Toss sandbox payment as next step","status":"passed","title":"ops-readiness still points at real Toss sandbox payment as next step","duration":0.24230000000000018,"failureMessages":[],"meta":{},"tags":[]}],"startTime":1786566286690,"endTime":1786566286692.2869,"status":"passed","message":"","name":"C:/Users/joker/Documents/GitHub/1/app/spokedu-master/liveGateP6.contract.test.ts"},{"assertionResults":[{"ancestorTitles":["SPOKEDU MASTER entry copy alignment"],"fullName":"SPOKEDU MASTER entry copy alignment keeps login OTP copy aligned with no-trial billing policy","status":"passed","title":"keeps login OTP copy aligned with no-trial billing policy","duration":1.7002999999999986,"failureMessages":[],"meta":{},"tags":[]},{"ancestorTitles":["SPOKEDU MASTER entry copy alignment"],"fullName":"SPOKEDU MASTER entry copy alignment keeps spokedu curriculum marketing aligned with MASTER billing policy","status":"passed","title":"keeps spokedu curriculum marketing aligned with MASTER billing policy","duration":0.7638999999999783,"failureMessages":[],"meta":{},"tags":[]},{"ancestorTitles":["SPOKEDU MASTER entry copy alignment"],"fullName":"SPOKEDU MASTER entry copy alignment keeps the parent route as a blocked public link sink, not a browse feature","status":"passed","title":"keeps the parent route as a blocked public link sink, not a browse feature","duration":0.7961999999999989,"failureMessages":[],"meta":{},"tags":[]}],"startTime":1786566286254,"endTime":1786566286256.7961,"status":"passed","message":"","name":"C:/Users/joker/Documents/GitHub/1/app/spokedu-master/masterEntryCopy.contract.test.ts"},{"assertionResults":[{"ancestorTitles":["MASTER product UI unity"],"fullName":"MASTER product UI unity bans 「바로 실행」 in product UI/copy (CTA contract)","status":"passed","title":"bans 「바로 실행」 in product UI/copy (CTA contract)","duration":13.38809999999998,"failureMessages":[],"meta":{},"tags":[]},{"ancestorTitles":["MASTER product UI unity"],"fullName":"MASTER product UI unity routes filter chips through masterUiClasses (no slate-950 chip hardcode)","status":"passed","title":"routes filter chips through masterUiClasses (no slate-950 chip hardcode)","duration":1.0757999999999583,"failureMessages":[],"meta":{},"tags":[]},{"ancestorTitles":["MASTER product UI unity"],"fullName":"MASTER product UI unity exposes shared chip/seg helpers","status":"passed","title":"exposes shared chip/seg helpers","duration":0.21309999999999718,"failureMessages":[],"meta":{},"tags":[]},{"ancestorTitles":["MASTER product UI unity"],"fullName":"MASTER product UI unity uses spm-btn-primary for subscription gate and payment success primary CTAs","status":"passed","title":"uses spm-btn-primary for subscription gate and payment success primary CTAs","duration":1.2373000000000047,"failureMessages":[],"meta":{},"tags":[]}],"startTime":1786566284990,"endTime":1786566285006.2373,"status":"passed","message":"","name":"C:/Users/joker/Documents/GitHub/1/app/spokedu-master/masterUiUnity.contract.test.ts"},{"assertionResults":[{"ancestorTitles":["SPOKEDU MASTER first pilot navigation"],"fullName":"SPOKEDU MASTER first pilot navigation keeps the desktop top navigation focused on the six pilot roles","status":"passed","title":"keeps the desktop top navigation focused on the six pilot roles","duration":2.012599999999992,"failureMessages":[],"meta":{},"tags":[]},{"ancestorTitles":["SPOKEDU MASTER first pilot navigation"],"fullName":"SPOKEDU MASTER first pilot navigation keeps the mobile navigation aligned with the pilot entry structure","status":"passed","title":"keeps the mobile navigation aligned with the pilot entry structure","duration":0.8246999999999787,"failureMessages":[],"meta":{},"tags":[]},{"ancestorTitles":["SPOKEDU MASTER first pilot navigation"],"fullName":"SPOKEDU MASTER first pilot navigation removes auxiliary routes from profile and home primary entry points","status":"passed","title":"removes auxiliary routes from profile and home primary entry points","duration":0.7569000000000017,"failureMessages":[],"meta":{},"tags":[]},{"ancestorTitles":["SPOKEDU MASTER first pilot navigation"],"fullName":"SPOKEDU MASTER first pilot navigation keeps the activity page focused on the simplified class record flow","status":"passed","title":"keeps the activity page focused on the simplified class record flow","duration":0.33859999999998536,"failureMessages":[],"meta":{},"tags":[]},{"ancestorTitles":["SPOKEDU MASTER first pilot navigation"],"fullName":"SPOKEDU MASTER first pilot navigation keeps profile commercial and data-management actions available","status":"passed","title":"keeps profile commercial and data-management actions available","duration":0.3469000000000051,"failureMessages":[],"meta":{},"tags":[]},{"ancestorTitles":["SPOKEDU MASTER first pilot navigation"],"fullName":"SPOKEDU MASTER first pilot navigation keeps hidden routes protected by direct URL policy while lowering archive/import hierarchy","status":"passed","title":"keeps hidden routes protected by direct URL policy while lowering archive/import hierarchy","duration":0.33209999999999695,"failureMessages":[],"meta":{},"tags":[]}],"startTime":1786566286292,"endTime":1786566286296.347,"status":"passed","message":"","name":"C:/Users/joker/Documents/GitHub/1/app/spokedu-master/navigation.contract.test.ts"},{"assertionResults":[{"ancestorTitles":["SPOKEDU MASTER owner isolation (P4)"],"fullName":"SPOKEDU MASTER owner isolation (P4) keeps operational API routes scoped to access.userId","status":"passed","title":"keeps operational API routes scoped to access.userId","duration":2.9736000000000047,"failureMessages":[],"meta":{},"tags":[]},{"ancestorTitles":["SPOKEDU MASTER owner isolation (P4)"],"fullName":"SPOKEDU MASTER owner isolation (P4) keeps client draft and local workspace isolation tests in the suite","status":"passed","title":"keeps client draft and local workspace isolation tests in the suite","duration":0.5411000000000001,"failureMessages":[],"meta":{},"tags":[]}],"startTime":1786566287668,"endTime":1786566287671.541,"status":"passed","message":"","name":"C:/Users/joker/Documents/GitHub/1/app/spokedu-master/ownerIsolation.contract.test.ts"},{"assertionResults":[{"ancestorTitles":["SPOKEDU MASTER raw error exposure cleanup"],"fullName":"SPOKEDU MASTER raw error exposure cleanup does not render caught.message on reachable payment, students, or report screens","status":"passed","title":"does not render caught.message on reachable payment, students, or report screens","duration":1.8840000000000146,"failureMessages":[],"meta":{},"tags":[]},{"ancestorTitles":["SPOKEDU MASTER raw error exposure cleanup"],"fullName":"SPOKEDU MASTER raw error exposure cleanup uses the shared safe client error helper on payment, students archive, and report paths","status":"passed","title":"uses the shared safe client error helper on payment, students archive, and report paths","duration":1.0818000000000154,"failureMessages":[],"meta":{},"tags":[]},{"ancestorTitles":["SPOKEDU MASTER raw error exposure cleanup"],"fullName":"SPOKEDU MASTER raw error exposure cleanup keeps payment success failures status-based and avoids exposing payment keys or full order IDs in messages","status":"passed","title":"keeps payment success failures status-based and avoids exposing payment keys or full order IDs in messages","duration":0.3504000000000076,"failureMessages":[],"meta":{},"tags":[]},{"ancestorTitles":["SPOKEDU MASTER raw error exposure cleanup"],"fullName":"SPOKEDU MASTER raw error exposure cleanup sanitizes raw DB errors from student and report APIs that feed reachable screens","status":"passed","title":"sanitizes raw DB errors from student and report APIs that feed reachable screens","duration":0.6759999999999877,"failureMessages":[],"meta":{},"tags":[]},{"ancestorTitles":["SPOKEDU MASTER raw error exposure cleanup"],"fullName":"SPOKEDU MASTER raw error exposure cleanup keeps monitoring context free of payment keys and full queries","status":"passed","title":"keeps monitoring context free of payment keys and full queries","duration":0.6090000000000089,"failureMessages":[],"meta":{},"tags":[]},{"ancestorTitles":["SPOKEDU MASTER raw error exposure cleanup"],"fullName":"SPOKEDU MASTER raw error exposure cleanup documents archive/import as reachable from the students screen without completing new import behavior","status":"passed","title":"documents archive/import as reachable from the students screen without completing new import behavior","duration":0.6234000000000037,"failureMessages":[],"meta":{},"tags":[]}],"startTime":1786566285918,"endTime":1786566285922.6233,"status":"passed","message":"","name":"C:/Users/joker/Documents/GitHub/1/app/spokedu-master/rawErrorExposure.contract.test.ts"},{"assertionResults":[{"ancestorTitles":["SPOKEDU MASTER restore readiness (P7)"],"fullName":"SPOKEDU MASTER restore readiness (P7) keeps backup/restore runbook stop criteria and integrity command","status":"passed","title":"keeps backup/restore runbook stop criteria and integrity command","duration":1.5164000000000044,"failureMessages":[],"meta":{},"tags":[]},{"ancestorTitles":["SPOKEDU MASTER restore readiness (P7)"],"fullName":"SPOKEDU MASTER restore readiness (P7) keeps release checklist restore rehearsal items","status":"passed","title":"keeps release checklist restore rehearsal items","duration":0.44429999999999836,"failureMessages":[],"meta":{},"tags":[]},{"ancestorTitles":["SPOKEDU MASTER restore readiness (P7)"],"fullName":"SPOKEDU MASTER restore readiness (P7) keeps risk-audit score boundary against pretend/mock Toss","status":"passed","title":"keeps risk-audit score boundary against pretend/mock Toss","duration":0.5180000000000007,"failureMessages":[],"meta":{},"tags":[]},{"ancestorTitles":["SPOKEDU MASTER restore readiness (P7)"],"fullName":"SPOKEDU MASTER restore readiness (P7) wires data-integrity as release hard gate without skip-by-default","status":"passed","title":"wires data-integrity as release hard gate without skip-by-default","duration":0.5086000000000013,"failureMessages":[],"meta":{},"tags":[]}],"startTime":1786566286853,"endTime":1786566286855.518,"status":"passed","message":"","name":"C:/Users/joker/Documents/GitHub/1/app/spokedu-master/restoreReadinessP7.contract.test.ts"},{"assertionResults":[{"ancestorTitles":["SPOKEDU MASTER service truthfulness contracts"],"fullName":"SPOKEDU MASTER service truthfulness contracts does not validate or persist arbitrary center identity during onboarding","status":"passed","title":"does not validate or persist arbitrary center identity during onboarding","duration":1.559800000000024,"failureMessages":[],"meta":{},"tags":[]},{"ancestorTitles":["SPOKEDU MASTER service truthfulness contracts"],"fullName":"SPOKEDU MASTER service truthfulness contracts does not present local timestamp changes or deletion as synchronization","status":"passed","title":"does not present local timestamp changes or deletion as synchronization","duration":0.48730000000000473,"failureMessages":[],"meta":{},"tags":[]},{"ancestorTitles":["SPOKEDU MASTER service truthfulness contracts"],"fullName":"SPOKEDU MASTER service truthfulness contracts presents SPOMAT as a single product without a fake order or completion state","status":"passed","title":"presents SPOMAT as a single product without a fake order or completion state","duration":0.34440000000000737,"failureMessages":[],"meta":{},"tags":[]},{"ancestorTitles":["SPOKEDU MASTER service truthfulness contracts"],"fullName":"SPOKEDU MASTER service truthfulness contracts keeps the shop focused on SPOMAT without repeating lesson navigation links","status":"passed","title":"keeps the shop focused on SPOMAT without repeating lesson navigation links","duration":0.23989999999997735,"failureMessages":[],"meta":{},"tags":[]}],"startTime":1786566286417,"endTime":1786566286419.3445,"status":"passed","message":"","name":"C:/Users/joker/Documents/GitHub/1/app/spokedu-master/serviceTruthfulness.test.ts"},{"assertionResults":[{"ancestorTitles":["SPOKEDU MASTER service worker cache contract"],"fullName":"SPOKEDU MASTER service worker cache contract does not use root next-pwa runtime configuration or generated root workers","status":"passed","title":"does not use root next-pwa runtime configuration or generated root workers","duration":1.345499999999987,"failureMessages":[],"meta":{},"tags":[]},{"ancestorTitles":["SPOKEDU MASTER service worker cache contract"],"fullName":"SPOKEDU MASTER service worker cache contract registers only the MASTER scoped service worker from AppShell","status":"passed","title":"registers only the MASTER scoped service worker from AppShell","duration":0.6650999999999954,"failureMessages":[],"meta":{},"tags":[]},{"ancestorTitles":["SPOKEDU MASTER service worker cache contract"],"fullName":"SPOKEDU MASTER service worker cache contract does not remove caches from the client bootstrap","status":"passed","title":"does not remove caches from the client bootstrap","duration":0.26269999999999527,"failureMessages":[],"meta":{},"tags":[]},{"ancestorTitles":["SPOKEDU MASTER service worker cache contract"],"fullName":"SPOKEDU MASTER service worker cache contract does not cache MASTER documents, navigation, RSC, JSON, or API responses","status":"passed","title":"does not cache MASTER documents, navigation, RSC, JSON, or API responses","duration":0.32910000000001105,"failureMessages":[],"meta":{},"tags":[]},{"ancestorTitles":["SPOKEDU MASTER service worker cache contract"],"fullName":"SPOKEDU MASTER service worker cache contract does not cache private, no-store, signed, or authenticated responses","status":"passed","title":"does not cache private, no-store, signed, or authenticated responses","duration":0.24030000000001905,"failureMessages":[],"meta":{},"tags":[]},{"ancestorTitles":["SPOKEDU MASTER service worker cache contract"],"fullName":"SPOKEDU MASTER service worker cache contract caches only explicit public static allowlist and public Supabase storage objects","status":"passed","title":"caches only explicit public static allowlist and public Supabase storage objects","duration":0.28700000000000614,"failureMessages":[],"meta":{},"tags":[]},{"ancestorTitles":["SPOKEDU MASTER service worker cache contract"],"fullName":"SPOKEDU MASTER service worker cache contract deletes old SPOKEDU MASTER caches while leaving other service caches untouched","status":"passed","title":"deletes old SPOKEDU MASTER caches while leaving other service caches untouched","duration":0.27889999999999304,"failureMessages":[],"meta":{},"tags":[]},{"ancestorTitles":["SPOKEDU MASTER protected response cache contract"],"fullName":"SPOKEDU MASTER protected response cache contract app/api/spokedu-master/access/route.ts uses private no-store response headers and dynamic routing","status":"passed","title":"app/api/spokedu-master/access/route.ts uses private no-store response headers and dynamic routing","duration":0.4077000000000055,"failureMessages":[],"meta":{},"tags":[]},{"ancestorTitles":["SPOKEDU MASTER protected response cache contract"],"fullName":"SPOKEDU MASTER protected response cache contract app/api/spokedu-master/students/route.ts uses private no-store response headers and dynamic routing","status":"passed","title":"app/api/spokedu-master/students/route.ts uses private no-store response headers and dynamic routing","duration":0.3739000000000203,"failureMessages":[],"meta":{},"tags":[]},{"ancestorTitles":["SPOKEDU MASTER protected response cache contract"],"fullName":"SPOKEDU MASTER protected response cache contract app/api/spokedu-master/students/[id]/route.ts uses private no-store response headers and dynamic routing","status":"passed","title":"app/api/spokedu-master/students/[id]/route.ts uses private no-store response headers and dynamic routing","duration":0.3141999999999996,"failureMessages":[],"meta":{},"tags":[]},{"ancestorTitles":["SPOKEDU MASTER protected response cache contract"],"fullName":"SPOKEDU MASTER protected response cache contract app/api/spokedu-master/class-records/route.ts uses private no-store response headers and dynamic routing","status":"passed","title":"app/api/spokedu-master/class-records/route.ts uses private no-store response headers and dynamic routing","duration":0.23879999999999768,"failureMessages":[],"meta":{},"tags":[]},{"ancestorTitles":["SPOKEDU MASTER protected response cache contract"],"fullName":"SPOKEDU MASTER protected response cache contract app/api/spokedu-master/subscription/route.ts uses private no-store response headers and dynamic routing","status":"passed","title":"app/api/spokedu-master/subscription/route.ts uses private no-store response headers and dynamic routing","duration":0.24230000000000018,"failureMessages":[],"meta":{},"tags":[]},{"ancestorTitles":["SPOKEDU MASTER protected response cache contract"],"fullName":"SPOKEDU MASTER protected response cache contract app/api/spokedu-master/programs/route.ts uses private no-store response headers and dynamic routing","status":"passed","title":"app/api/spokedu-master/programs/route.ts uses private no-store response headers and dynamic routing","duration":0.19169999999999732,"failureMessages":[],"meta":{},"tags":[]},{"ancestorTitles":["SPOKEDU MASTER protected response cache contract"],"fullName":"SPOKEDU MASTER protected response cache contract defines the exact private no-store headers once","status":"passed","title":"defines the exact private no-store headers once","duration":0.703899999999976,"failureMessages":[],"meta":{},"tags":[]},{"ancestorTitles":["SPOKEDU MASTER protected response cache contract"],"fullName":"SPOKEDU MASTER protected response cache contract uses no-store for operational protected GET requests","status":"passed","title":"uses no-store for operational protected GET requests","duration":0.2844000000000051,"failureMessages":[],"meta":{},"tags":[]},{"ancestorTitles":["SPOKEDU MASTER protected response cache contract"],"fullName":"SPOKEDU MASTER protected response cache contract does not ship a dead PwaInstallCard offline-promise UI","status":"passed","title":"does not ship a dead PwaInstallCard offline-promise UI","duration":0.12780000000000769,"failureMessages":[],"meta":{},"tags":[]},{"ancestorTitles":["SPOKEDU MASTER protected response cache contract"],"fullName":"SPOKEDU MASTER protected response cache contract uses network wording without promising server health or sync completion","status":"passed","title":"uses network wording without promising server health or sync completion","duration":0.5644000000000062,"failureMessages":[],"meta":{},"tags":[]},{"ancestorTitles":["SPOKEDU MASTER protected response cache contract"],"fullName":"SPOKEDU MASTER protected response cache contract describes the manifest as an online-first quick-launch app scoped to MASTER","status":"passed","title":"describes the manifest as an online-first quick-launch app scoped to MASTER","duration":0.29009999999999536,"failureMessages":[],"meta":{},"tags":[]},{"ancestorTitles":["SPOKEDU MASTER protected response cache contract"],"fullName":"SPOKEDU MASTER protected response cache contract does not attach MASTER manifest from the root layout (admin/teacher leak guard)","status":"passed","title":"does not attach MASTER manifest from the root layout (admin/teacher leak guard)","duration":0.28449999999998,"failureMessages":[],"meta":{},"tags":[]}],"startTime":1786566285785,"endTime":1786566285793.2844,"status":"passed","message":"","name":"C:/Users/joker/Documents/GitHub/1/app/spokedu-master/swCacheContract.test.ts"},{"assertionResults":[{"ancestorTitles":["SPOKEDU MASTER user-facing terminology and product truth"],"fullName":"SPOKEDU MASTER user-facing terminology and product truth uses the fixed representative terms on user-facing screens","status":"passed","title":"uses the fixed representative terms on user-facing screens","duration":5.261599999999987,"failureMessages":[],"meta":{},"tags":[]},{"ancestorTitles":["SPOKEDU MASTER user-facing terminology and product truth"],"fullName":"SPOKEDU MASTER user-facing terminology and product truth does not expose deprecated representative terms in the checked files","status":"passed","title":"does not expose deprecated representative terms in the checked files","duration":2.6059999999999945,"failureMessages":[],"meta":{},"tags":[]},{"ancestorTitles":["SPOKEDU MASTER user-facing terminology and product truth"],"fullName":"SPOKEDU MASTER user-facing terminology and product truth keeps billing CTA and bookmark labels unified in Korean","status":"passed","title":"keeps billing CTA and bookmark labels unified in Korean","duration":4.15300000000002,"failureMessages":[],"meta":{},"tags":[]},{"ancestorTitles":["SPOKEDU MASTER user-facing terminology and product truth"],"fullName":"SPOKEDU MASTER user-facing terminology and product truth keeps product chrome on --spm-* tokens instead of indigo/legacy hex","status":"passed","title":"keeps product chrome on --spm-* tokens instead of indigo/legacy hex","duration":4.23660000000001,"failureMessages":[],"meta":{},"tags":[]},{"ancestorTitles":["SPOKEDU MASTER user-facing terminology and product truth"],"fullName":"SPOKEDU MASTER user-facing terminology and product truth does not expose internal diagnostics or unfinished-feature copy in user-facing screens","status":"passed","title":"does not expose internal diagnostics or unfinished-feature copy in user-facing screens","duration":3.9910999999999603,"failureMessages":[],"meta":{},"tags":[]},{"ancestorTitles":["SPOKEDU MASTER user-facing terminology and product truth"],"fullName":"SPOKEDU MASTER user-facing terminology and product truth presents Lite and Premium as the only direct purchase products from the catalog","status":"passed","title":"presents Lite and Premium as the only direct purchase products from the catalog","duration":0.6101999999999634,"failureMessages":[],"meta":{},"tags":[]},{"ancestorTitles":["SPOKEDU MASTER user-facing terminology and product truth"],"fullName":"SPOKEDU MASTER user-facing terminology and product truth does not present unavailable parent sharing or automated delivery as provided features","status":"passed","title":"does not present unavailable parent sharing or automated delivery as provided features","duration":0.7613999999999805,"failureMessages":[],"meta":{},"tags":[]},{"ancestorTitles":["SPOKEDU MASTER user-facing terminology and product truth"],"fullName":"SPOKEDU MASTER user-facing terminology and product truth keeps support contact unified","status":"passed","title":"keeps support contact unified","duration":4.083399999999983,"failureMessages":[],"meta":{},"tags":[]},{"ancestorTitles":["SPOKEDU MASTER user-facing terminology and product truth"],"fullName":"SPOKEDU MASTER user-facing terminology and product truth uses SPOMOVE copy terms where explanation is needed and forbids misleading labels","status":"passed","title":"uses SPOMOVE copy terms where explanation is needed and forbids misleading labels","duration":1.3437000000000126,"failureMessages":[],"meta":{},"tags":[]}],"startTime":1786566284978,"endTime":1786566285005.3438,"status":"passed","message":"","name":"C:/Users/joker/Documents/GitHub/1/app/spokedu-master/terminology.contract.test.ts"},{"assertionResults":[{"ancestorTitles":["SPOKEDU MASTER API route import contract"],"fullName":"SPOKEDU MASTER API route import contract indexes every spokedu-master API route file","status":"passed","title":"indexes every spokedu-master API route file","duration":1.1802999999999884,"failureMessages":[],"meta":{},"tags":[]},{"ancestorTitles":["SPOKEDU MASTER API route import contract"],"fullName":"SPOKEDU MASTER API route import contract resolves relative imports in app\\api\\spokedu-master\\access\\route.ts","status":"passed","title":"resolves relative imports in app\\api\\spokedu-master\\access\\route.ts","duration":0.31730000000001723,"failureMessages":[],"meta":{},"tags":[]},{"ancestorTitles":["SPOKEDU MASTER API route import contract"],"fullName":"SPOKEDU MASTER API route import contract resolves relative imports in app\\api\\spokedu-master\\class-records\\route.ts","status":"passed","title":"resolves relative imports in app\\api\\spokedu-master\\class-records\\route.ts","duration":0.473700000000008,"failureMessages":[],"meta":{},"tags":[]},{"ancestorTitles":["SPOKEDU MASTER API route import contract"],"fullName":"SPOKEDU MASTER API route import contract resolves relative imports in app\\api\\spokedu-master\\client-errors\\route.ts","status":"passed","title":"resolves relative imports in app\\api\\spokedu-master\\client-errors\\route.ts","duration":0.1897999999999911,"failureMessages":[],"meta":{},"tags":[]},{"ancestorTitles":["SPOKEDU MASTER API route import contract"],"fullName":"SPOKEDU MASTER API route import contract resolves relative imports in app\\api\\spokedu-master\\explanations\\route.ts","status":"passed","title":"resolves relative imports in app\\api\\spokedu-master\\explanations\\route.ts","duration":0.29510000000001924,"failureMessages":[],"meta":{},"tags":[]},{"ancestorTitles":["SPOKEDU MASTER API route import contract"],"fullName":"SPOKEDU MASTER API route import contract resolves relative imports in app\\api\\spokedu-master\\operational-data\\route.ts","status":"passed","title":"resolves relative imports in app\\api\\spokedu-master\\operational-data\\route.ts","duration":0.15130000000002042,"failureMessages":[],"meta":{},"tags":[]},{"ancestorTitles":["SPOKEDU MASTER API route import contract"],"fullName":"SPOKEDU MASTER API route import contract resolves relative imports in app\\api\\spokedu-master\\payment\\billing\\cancel\\route.ts","status":"passed","title":"resolves relative imports in app\\api\\spokedu-master\\payment\\billing\\cancel\\route.ts","duration":0.14160000000001105,"failureMessages":[],"meta":{},"tags":[]},{"ancestorTitles":["SPOKEDU MASTER API route import contract"],"fullName":"SPOKEDU MASTER API route import contract resolves relative imports in app\\api\\spokedu-master\\payment\\billing\\issue\\route.ts","status":"passed","title":"resolves relative imports in app\\api\\spokedu-master\\payment\\billing\\issue\\route.ts","duration":0.16149999999998954,"failureMessages":[],"meta":{},"tags":[]},{"ancestorTitles":["SPOKEDU MASTER API route import contract"],"fullName":"SPOKEDU MASTER API route import contract resolves relative imports in app\\api\\spokedu-master\\payment\\billing\\renew\\route.ts","status":"passed","title":"resolves relative imports in app\\api\\spokedu-master\\payment\\billing\\renew\\route.ts","duration":0.18729999999999336,"failureMessages":[],"meta":{},"tags":[]},{"ancestorTitles":["SPOKEDU MASTER API route import contract"],"fullName":"SPOKEDU MASTER API route import contract resolves relative imports in app\\api\\spokedu-master\\payment\\confirm\\route.ts","status":"passed","title":"resolves relative imports in app\\api\\spokedu-master\\payment\\confirm\\route.ts","duration":0.16149999999998954,"failureMessages":[],"meta":{},"tags":[]},{"ancestorTitles":["SPOKEDU MASTER API route import contract"],"fullName":"SPOKEDU MASTER API route import contract resolves relative imports in app\\api\\spokedu-master\\payment\\create-checkout\\route.ts","status":"passed","title":"resolves relative imports in app\\api\\spokedu-master\\payment\\create-checkout\\route.ts","duration":0.143100000000004,"failureMessages":[],"meta":{},"tags":[]},{"ancestorTitles":["SPOKEDU MASTER API route import contract"],"fullName":"SPOKEDU MASTER API route import contract resolves relative imports in app\\api\\spokedu-master\\payment\\portal\\route.ts","status":"passed","title":"resolves relative imports in app\\api\\spokedu-master\\payment\\portal\\route.ts","duration":0.10370000000000346,"failureMessages":[],"meta":{},"tags":[]},{"ancestorTitles":["SPOKEDU MASTER API route import contract"],"fullName":"SPOKEDU MASTER API route import contract resolves relative imports in app\\api\\spokedu-master\\payment\\webhook\\route.ts","status":"passed","title":"resolves relative imports in app\\api\\spokedu-master\\payment\\webhook\\route.ts","duration":0.10699999999999932,"failureMessages":[],"meta":{},"tags":[]},{"ancestorTitles":["SPOKEDU MASTER API route import contract"],"fullName":"SPOKEDU MASTER API route import contract resolves relative imports in app\\api\\spokedu-master\\profile\\route.ts","status":"passed","title":"resolves relative imports in app\\api\\spokedu-master\\profile\\route.ts","duration":0.08980000000002519,"failureMessages":[],"meta":{},"tags":[]},{"ancestorTitles":["SPOKEDU MASTER API route import contract"],"fullName":"SPOKEDU MASTER API route import contract resolves relative imports in app\\api\\spokedu-master\\program-favorites\\route.ts","status":"passed","title":"resolves relative imports in app\\api\\spokedu-master\\program-favorites\\route.ts","duration":0.5215000000000032,"failureMessages":[],"meta":{},"tags":[]},{"ancestorTitles":["SPOKEDU MASTER API route import contract"],"fullName":"SPOKEDU MASTER API route import contract resolves relative imports in app\\api\\spokedu-master\\programs\\route.ts","status":"passed","title":"resolves relative imports in app\\api\\spokedu-master\\programs\\route.ts","duration":0.1490000000000009,"failureMessages":[],"meta":{},"tags":[]},{"ancestorTitles":["SPOKEDU MASTER API route import contract"],"fullName":"SPOKEDU MASTER API route import contract resolves relative imports in app\\api\\spokedu-master\\shop\\spomat\\purchase\\route.ts","status":"passed","title":"resolves relative imports in app\\api\\spokedu-master\\shop\\spomat\\purchase\\route.ts","duration":0.20830000000000837,"failureMessages":[],"meta":{},"tags":[]},{"ancestorTitles":["SPOKEDU MASTER API route import contract"],"fullName":"SPOKEDU MASTER API route import contract resolves relative imports in app\\api\\spokedu-master\\students\\route.ts","status":"passed","title":"resolves relative imports in app\\api\\spokedu-master\\students\\route.ts","duration":0.37309999999999377,"failureMessages":[],"meta":{},"tags":[]},{"ancestorTitles":["SPOKEDU MASTER API route import contract"],"fullName":"SPOKEDU MASTER API route import contract resolves relative imports in app\\api\\spokedu-master\\students\\[id]\\route.ts","status":"passed","title":"resolves relative imports in app\\api\\spokedu-master\\students\\[id]\\route.ts","duration":0.21049999999999613,"failureMessages":[],"meta":{},"tags":[]},{"ancestorTitles":["SPOKEDU MASTER API route import contract"],"fullName":"SPOKEDU MASTER API route import contract resolves relative imports in app\\api\\spokedu-master\\subscription\\route.ts","status":"passed","title":"resolves relative imports in app\\api\\spokedu-master\\subscription\\route.ts","duration":0.2313000000000045,"failureMessages":[],"meta":{},"tags":[]},{"ancestorTitles":["SPOKEDU MASTER API route import contract"],"fullName":"SPOKEDU MASTER API route import contract uses the shared operational-data module from nested student routes","status":"passed","title":"uses the shared operational-data module from nested student routes","duration":0.23050000000000637,"failureMessages":[],"meta":{},"tags":[]}],"startTime":1786566285753,"endTime":1786566285759.2305,"status":"passed","message":"","name":"C:/Users/joker/Documents/GitHub/1/app/api/spokedu-master/apiRouteImports.contract.test.ts"},{"assertionResults":[{"ancestorTitles":["SPOKEDU MASTER operational data contract"],"fullName":"SPOKEDU MASTER operational data contract rejects fabricated student metric fields","status":"passed","title":"rejects fabricated student metric fields","duration":1.6494000000000142,"failureMessages":[],"meta":{},"tags":[]},{"ancestorTitles":["SPOKEDU MASTER operational data contract"],"fullName":"SPOKEDU MASTER operational data contract uses the authenticated owner for student inserts","status":"passed","title":"uses the authenticated owner for student inserts","duration":0.666799999999995,"failureMessages":[],"meta":{},"tags":[]},{"ancestorTitles":["SPOKEDU MASTER operational data contract"],"fullName":"SPOKEDU MASTER operational data contract updates mutable student fields without owner or legacy identifiers","status":"passed","title":"updates mutable student fields without owner or legacy identifiers","duration":0.6759999999999877,"failureMessages":[],"meta":{},"tags":[]},{"ancestorTitles":["SPOKEDU MASTER operational data contract"],"fullName":"SPOKEDU MASTER operational data contract keeps string student meta through normalize, insert payload, and DTO mapping","status":"passed","title":"keeps string student meta through normalize, insert payload, and DTO mapping","duration":0.3101000000000056,"failureMessages":[],"meta":{},"tags":[]},{"ancestorTitles":["SPOKEDU MASTER operational data contract"],"fullName":"SPOKEDU MASTER operational data contract normalizes class record input without trusting request owner fields","status":"passed","title":"normalizes class record input without trusting request owner fields","duration":1.5433999999999912,"failureMessages":[],"meta":{},"tags":[]},{"ancestorTitles":["SPOKEDU MASTER operational data contract"],"fullName":"SPOKEDU MASTER operational data contract keeps only teacher-entered skill tags on child rows","status":"passed","title":"keeps only teacher-entered skill tags on child rows","duration":0.1956000000000131,"failureMessages":[],"meta":{},"tags":[]},{"ancestorTitles":["SPOKEDU MASTER operational data contract"],"fullName":"SPOKEDU MASTER operational data contract calculates record summary values from child rows","status":"passed","title":"calculates record summary values from child rows","duration":0.27700000000001523,"failureMessages":[],"meta":{},"tags":[]},{"ancestorTitles":["SPOKEDU MASTER operational data contract"],"fullName":"SPOKEDU MASTER operational data contract defines three isolated tables with owner RLS and partial legacy uniqueness","status":"passed","title":"defines three isolated tables with owner RLS and partial legacy uniqueness","duration":0.6542999999999779,"failureMessages":[],"meta":{},"tags":[]},{"ancestorTitles":["SPOKEDU MASTER operational data contract"],"fullName":"SPOKEDU MASTER operational data contract keeps active Zustand operational state separated from server APIs and legacy archive","status":"passed","title":"keeps active Zustand operational state separated from server APIs and legacy archive","duration":0.4473000000000127,"failureMessages":[],"meta":{},"tags":[]}],"startTime":1786566286040,"endTime":1786566286047.4473,"status":"passed","message":"","name":"C:/Users/joker/Documents/GitHub/1/app/api/spokedu-master/operational-data.test.ts"},{"assertionResults":[{"ancestorTitles":["SPOKEDU MASTER operational routes ownership contract"],"fullName":"SPOKEDU MASTER operational routes ownership contract blocks unauthenticated students GET","status":"passed","title":"blocks unauthenticated students GET","duration":2.3816000000000486,"failureMessages":[],"meta":{},"tags":[]},{"ancestorTitles":["SPOKEDU MASTER operational routes ownership contract"],"fullName":"SPOKEDU MASTER operational routes ownership contract blocks unauthenticated students POST","status":"passed","title":"blocks unauthenticated students POST","duration":0.8632000000000062,"failureMessages":[],"meta":{},"tags":[]},{"ancestorTitles":["SPOKEDU MASTER operational routes ownership contract"],"fullName":"SPOKEDU MASTER operational routes ownership contract blocks unauthenticated students DELETE","status":"passed","title":"blocks unauthenticated students DELETE","duration":0.3509000000000242,"failureMessages":[],"meta":{},"tags":[]},{"ancestorTitles":["SPOKEDU MASTER operational routes ownership contract"],"fullName":"SPOKEDU MASTER operational routes ownership contract blocks unauthenticated class-records GET","status":"passed","title":"blocks unauthenticated class-records GET","duration":0.23550000000000182,"failureMessages":[],"meta":{},"tags":[]},{"ancestorTitles":["SPOKEDU MASTER operational routes ownership contract"],"fullName":"SPOKEDU MASTER operational routes ownership contract blocks unauthenticated class-records POST","status":"passed","title":"blocks unauthenticated class-records POST","duration":0.35390000000006694,"failureMessages":[],"meta":{},"tags":[]},{"ancestorTitles":["SPOKEDU MASTER operational routes ownership contract"],"fullName":"SPOKEDU MASTER operational routes ownership contract keeps the existing 403 policy for students GET without querying data","status":"passed","title":"keeps the existing 403 policy for students GET without querying data","duration":0.17040000000008604,"failureMessages":[],"meta":{},"tags":[]},{"ancestorTitles":["SPOKEDU MASTER operational routes ownership contract"],"fullName":"SPOKEDU MASTER operational routes ownership contract keeps the existing 403 policy for class-records GET without querying data","status":"passed","title":"keeps the existing 403 policy for class-records GET without querying data","duration":0.15020000000004075,"failureMessages":[],"meta":{},"tags":[]},{"ancestorTitles":["SPOKEDU MASTER operational routes ownership contract"],"fullName":"SPOKEDU MASTER operational routes ownership contract returns only the current owner students from the database query","status":"passed","title":"returns only the current owner students from the database query","duration":2.7367000000000417,"failureMessages":[],"meta":{},"tags":[]},{"ancestorTitles":["SPOKEDU MASTER operational routes ownership contract"],"fullName":"SPOKEDU MASTER operational routes ownership contract uses the authenticated owner when creating a student","status":"passed","title":"uses the authenticated owner when creating a student","duration":0.7571000000000367,"failureMessages":[],"meta":{},"tags":[]},{"ancestorTitles":["SPOKEDU MASTER operational routes ownership contract"],"fullName":"SPOKEDU MASTER operational routes ownership contract does not delete another owner student id","status":"passed","title":"does not delete another owner student id","duration":0.5580999999999676,"failureMessages":[],"meta":{},"tags":[]},{"ancestorTitles":["SPOKEDU MASTER operational routes ownership contract"],"fullName":"SPOKEDU MASTER operational routes ownership contract soft deletes only a current owner student","status":"passed","title":"soft deletes only a current owner student","duration":1.4605999999999995,"failureMessages":[],"meta":{},"tags":[]},{"ancestorTitles":["SPOKEDU MASTER operational routes ownership contract"],"fullName":"SPOKEDU MASTER operational routes ownership contract returns only the current owner class records from the database query","status":"passed","title":"returns only the current owner class records from the database query","duration":0.5040000000000191,"failureMessages":[],"meta":{},"tags":[]},{"ancestorTitles":["SPOKEDU MASTER operational routes ownership contract"],"fullName":"SPOKEDU MASTER operational routes ownership contract creates a class record with one RPC transaction and reloads the DTO","status":"passed","title":"creates a class record with one RPC transaction and reloads the DTO","duration":0.8668999999999869,"failureMessages":[],"meta":{},"tags":[]},{"ancestorTitles":["SPOKEDU MASTER operational routes ownership contract"],"fullName":"SPOKEDU MASTER operational routes ownership contract returns one existing class record on idempotent create retry","status":"passed","title":"returns one existing class record on idempotent create retry","duration":0.4551000000000158,"failureMessages":[],"meta":{},"tags":[]},{"ancestorTitles":["SPOKEDU MASTER operational routes ownership contract"],"fullName":"SPOKEDU MASTER operational routes ownership contract blocks a class record that references another owner studentId","status":"passed","title":"blocks a class record that references another owner studentId","duration":0.49450000000001637,"failureMessages":[],"meta":{},"tags":[]},{"ancestorTitles":["SPOKEDU MASTER operational routes ownership contract"],"fullName":"SPOKEDU MASTER operational routes ownership contract updates a current owner class record and replaces child rows without creating a new parent record","status":"passed","title":"updates a current owner class record and replaces child rows without creating a new parent record","duration":0.7379999999999427,"failureMessages":[],"meta":{},"tags":[]},{"ancestorTitles":["SPOKEDU MASTER operational routes ownership contract"],"fullName":"SPOKEDU MASTER operational routes ownership contract does not update another owner class record id","status":"passed","title":"does not update another owner class record id","duration":0.4714000000000169,"failureMessages":[],"meta":{},"tags":[]}],"startTime":1786566285320,"endTime":1786566285333.4714,"status":"passed","message":"","name":"C:/Users/joker/Documents/GitHub/1/app/api/spokedu-master/operational-routes.test.ts"},{"assertionResults":[{"ancestorTitles":["lastUsedApp"],"fullName":"lastUsedApp infers app family from pathname","status":"failed","title":"infers app family from pathname","duration":2.4634000000000356,"failureMessages":["ReferenceError: localStorage is not defined\n    at C:/Users/joker/Documents/GitHub/1/app/lib/auth/lastUsedApp.test.ts:12:5\n    at file:///C:/Users/joker/Documents/GitHub/1/node_modules/@vitest/runner/dist/chunk-artifact.js:302:11\n    at wrapper (file:///C:/Users/joker/Documents/GitHub/1/node_modules/@vitest/runner/dist/chunk-artifact.js:712:10)\n    at file:///C:/Users/joker/Documents/GitHub/1/node_modules/@vitest/runner/dist/chunk-artifact.js:2295:20\n    at new Promise (<anonymous>)\n    at runWithTimeout (file:///C:/Users/joker/Documents/GitHub/1/node_modules/@vitest/runner/dist/chunk-artifact.js:2262:10)\n    at file:///C:/Users/joker/Documents/GitHub/1/node_modules/@vitest/runner/dist/chunk-artifact.js:2611:52\n    at run (file:///C:/Users/joker/Documents/GitHub/1/node_modules/@vitest/runner/dist/chunk-artifact.js:1140:20)\n    at limiterFn (file:///C:/Users/joker/Documents/GitHub/1/node_modules/@vitest/runner/dist/chunk-artifact.js:1152:59)\n    at runHook (file:///C:/Users/joker/Documents/GitHub/1/node_modules/@vitest/runner/dist/chunk-artifact.js:2610:10)"],"meta":{},"tags":[]},{"ancestorTitles":["lastUsedApp"],"fullName":"lastUsedApp persists last used app in localStorage","status":"failed","title":"persists last used app in localStorage","duration":0.39580000000000837,"failureMessages":["ReferenceError: localStorage is not defined\n    at C:/Users/joker/Documents/GitHub/1/app/lib/auth/lastUsedApp.test.ts:12:5\n    at file:///C:/Users/joker/Documents/GitHub/1/node_modules/@vitest/runner/dist/chunk-artifact.js:302:11\n    at wrapper (file:///C:/Users/joker/Documents/GitHub/1/node_modules/@vitest/runner/dist/chunk-artifact.js:712:10)\n    at file:///C:/Users/joker/Documents/GitHub/1/node_modules/@vitest/runner/dist/chunk-artifact.js:2295:20\n    at new Promise (<anonymous>)\n    at runWithTimeout (file:///C:/Users/joker/Documents/GitHub/1/node_modules/@vitest/runner/dist/chunk-artifact.js:2262:10)\n    at file:///C:/Users/joker/Documents/GitHub/1/node_modules/@vitest/runner/dist/chunk-artifact.js:2611:52\n    at run (file:///C:/Users/joker/Documents/GitHub/1/node_modules/@vitest/runner/dist/chunk-artifact.js:1140:20)\n    at limiterFn (file:///C:/Users/joker/Documents/GitHub/1/node_modules/@vitest/runner/dist/chunk-artifact.js:1152:59)\n    at runHook (file:///C:/Users/joker/Documents/GitHub/1/node_modules/@vitest/runner/dist/chunk-artifact.js:2610:10)"],"meta":{},"tags":[]},{"ancestorTitles":["lastUsedApp"],"fullName":"lastUsedApp resolves default home from last used app for non-admin users","status":"failed","title":"resolves default home from last used app for non-admin users","duration":0.23539999999997008,"failureMessages":["ReferenceError: localStorage is not defined\n    at C:/Users/joker/Documents/GitHub/1/app/lib/auth/lastUsedApp.test.ts:12:5\n    at file:///C:/Users/joker/Documents/GitHub/1/node_modules/@vitest/runner/dist/chunk-artifact.js:302:11\n    at wrapper (file:///C:/Users/joker/Documents/GitHub/1/node_modules/@vitest/runner/dist/chunk-artifact.js:712:10)\n    at file:///C:/Users/joker/Documents/GitHub/1/node_modules/@vitest/runner/dist/chunk-artifact.js:2295:20\n    at new Promise (<anonymous>)\n    at runWithTimeout (file:///C:/Users/joker/Documents/GitHub/1/node_modules/@vitest/runner/dist/chunk-artifact.js:2262:10)\n    at file:///C:/Users/joker/Documents/GitHub/1/node_modules/@vitest/runner/dist/chunk-artifact.js:2611:52\n    at run (file:///C:/Users/joker/Documents/GitHub/1/node_modules/@vitest/runner/dist/chunk-artifact.js:1140:20)\n    at limiterFn (file:///C:/Users/joker/Documents/GitHub/1/node_modules/@vitest/runner/dist/chunk-artifact.js:1152:59)\n    at runHook (file:///C:/Users/joker/Documents/GitHub/1/node_modules/@vitest/runner/dist/chunk-artifact.js:2610:10)"],"meta":{},"tags":[]},{"ancestorTitles":["lastUsedApp"],"fullName":"lastUsedApp falls back to teacher home when last used app was teacher","status":"failed","title":"falls back to teacher home when last used app was teacher","duration":0.17809999999997217,"failureMessages":["ReferenceError: localStorage is not defined\n    at C:/Users/joker/Documents/GitHub/1/app/lib/auth/lastUsedApp.test.ts:12:5\n    at file:///C:/Users/joker/Documents/GitHub/1/node_modules/@vitest/runner/dist/chunk-artifact.js:302:11\n    at wrapper (file:///C:/Users/joker/Documents/GitHub/1/node_modules/@vitest/runner/dist/chunk-artifact.js:712:10)\n    at file:///C:/Users/joker/Documents/GitHub/1/node_modules/@vitest/runner/dist/chunk-artifact.js:2295:20\n    at new Promise (<anonymous>)\n    at runWithTimeout (file:///C:/Users/joker/Documents/GitHub/1/node_modules/@vitest/runner/dist/chunk-artifact.js:2262:10)\n    at file:///C:/Users/joker/Documents/GitHub/1/node_modules/@vitest/runner/dist/chunk-artifact.js:2611:52\n    at run (file:///C:/Users/joker/Documents/GitHub/1/node_modules/@vitest/runner/dist/chunk-artifact.js:1140:20)\n    at limiterFn (file:///C:/Users/joker/Documents/GitHub/1/node_modules/@vitest/runner/dist/chunk-artifact.js:1152:59)\n    at runHook (file:///C:/Users/joker/Documents/GitHub/1/node_modules/@vitest/runner/dist/chunk-artifact.js:2610:10)"],"meta":{},"tags":[]}],"startTime":1786566285083,"endTime":1786566285086.2354,"status":"failed","message":"","name":"C:/Users/joker/Documents/GitHub/1/app/lib/auth/lastUsedApp.test.ts"},{"assertionResults":[{"ancestorTitles":["SPOKEDU login UX P0 contracts"],"fullName":"SPOKEDU login UX P0 contracts redirects existing sessions away from /login","status":"passed","title":"redirects existing sessions away from /login","duration":1.070600000000013,"failureMessages":[],"meta":{},"tags":[]},{"ancestorTitles":["SPOKEDU login UX P0 contracts"],"fullName":"SPOKEDU login UX P0 contracts routes the gate page to MASTER, teacher, and admin login entry points","status":"failed","title":"routes the gate page to MASTER, teacher, and admin login entry points","duration":1.6487999999999943,"failureMessages":["Error: ENOENT: no such file or directory, open 'C:\\Users\\joker\\Documents\\GitHub\\1\\app\\page.tsx'\n    at readFileSync (node:fs:441:20)\n    at read (C:/Users/joker/Documents/GitHub/1/app/lib/auth/loginUxP0.contract.test.ts:5:32)\n    at C:/Users/joker/Documents/GitHub/1/app/lib/auth/loginUxP0.contract.test.ts:17:18\n    at file:///C:/Users/joker/Documents/GitHub/1/node_modules/@vitest/runner/dist/chunk-artifact.js:302:11\n    at file:///C:/Users/joker/Documents/GitHub/1/node_modules/@vitest/runner/dist/chunk-artifact.js:1893:26\n    at file:///C:/Users/joker/Documents/GitHub/1/node_modules/@vitest/runner/dist/chunk-artifact.js:2316:20\n    at new Promise (<anonymous>)\n    at runWithCancel (file:///C:/Users/joker/Documents/GitHub/1/node_modules/@vitest/runner/dist/chunk-artifact.js:2313:10)\n    at file:///C:/Users/joker/Documents/GitHub/1/node_modules/@vitest/runner/dist/chunk-artifact.js:2295:20\n    at new Promise (<anonymous>)"],"meta":{},"tags":[]},{"ancestorTitles":["SPOKEDU login UX P0 contracts"],"fullName":"SPOKEDU login UX P0 contracts keeps the login persistence checkbox wired to session preference helpers","status":"passed","title":"keeps the login persistence checkbox wired to session preference helpers","duration":0.4211999999999989,"failureMessages":[],"meta":{},"tags":[]},{"ancestorTitles":["SPOKEDU login UX P0 contracts"],"fullName":"SPOKEDU login UX P0 contracts routes MASTER landing login CTAs through /login with next","status":"passed","title":"routes MASTER landing login CTAs through /login with next","duration":0.30340000000001055,"failureMessages":[],"meta":{},"tags":[]},{"ancestorTitles":["SPOKEDU login UX P0 contracts"],"fullName":"SPOKEDU login UX P0 contracts exposes MASTER login/start CTAs on the marketing site header","status":"failed","title":"exposes MASTER login/start CTAs on the marketing site header","duration":2.7321000000000026,"failureMessages":["AssertionError: expected '\\'use client\\';\\r\\n\\r\\nimport Link fr…' to contain '/login?next=/spokedu-master/dashboard'\n    at C:/Users/joker/Documents/GitHub/1/app/lib/auth/loginUxP0.contract.test.ts:47:20\n    at file:///C:/Users/joker/Documents/GitHub/1/node_modules/@vitest/runner/dist/chunk-artifact.js:302:11\n    at file:///C:/Users/joker/Documents/GitHub/1/node_modules/@vitest/runner/dist/chunk-artifact.js:1893:26\n    at file:///C:/Users/joker/Documents/GitHub/1/node_modules/@vitest/runner/dist/chunk-artifact.js:2316:20\n    at new Promise (<anonymous>)\n    at runWithCancel (file:///C:/Users/joker/Documents/GitHub/1/node_modules/@vitest/runner/dist/chunk-artifact.js:2313:10)\n    at file:///C:/Users/joker/Documents/GitHub/1/node_modules/@vitest/runner/dist/chunk-artifact.js:2295:20\n    at new Promise (<anonymous>)\n    at runWithTimeout (file:///C:/Users/joker/Documents/GitHub/1/node_modules/@vitest/runner/dist/chunk-artifact.js:2262:10)\n    at file:///C:/Users/joker/Documents/GitHub/1/node_modules/@vitest/runner/dist/chunk-artifact.js:2945:64"],"meta":{},"tags":[]},{"ancestorTitles":["SPOKEDU login UX P0 contracts"],"fullName":"SPOKEDU login UX P0 contracts uses tabbed login for MASTER vs ops accounts","status":"passed","title":"uses tabbed login for MASTER vs ops accounts","duration":0.5645000000000095,"failureMessages":[],"meta":{},"tags":[]}],"startTime":1786566284986,"endTime":1786566284993.5645,"status":"failed","message":"","name":"C:/Users/joker/Documents/GitHub/1/app/lib/auth/loginUxP0.contract.test.ts"},{"assertionResults":[{"ancestorTitles":["SPOKEDU login UX phase 3 contracts"],"fullName":"SPOKEDU login UX phase 3 contracts remembers last used app from product paths","status":"passed","title":"remembers last used app from product paths","duration":1.8305000000000007,"failureMessages":[],"meta":{},"tags":[]},{"ancestorTitles":["SPOKEDU login UX phase 3 contracts"],"fullName":"SPOKEDU login UX phase 3 contracts reports login UX telemetry through a dedicated auth route","status":"passed","title":"reports login UX telemetry through a dedicated auth route","duration":0.5829999999999984,"failureMessages":[],"meta":{},"tags":[]}],"startTime":1786566287885,"endTime":1786566287887.583,"status":"passed","message":"","name":"C:/Users/joker/Documents/GitHub/1/app/lib/auth/loginUxP3.contract.test.ts"},{"assertionResults":[{"ancestorTitles":["sessionPersistence"],"fullName":"sessionPersistence defaults keep-logged-in preference to true","status":"failed","title":"defaults keep-logged-in preference to true","duration":2.42330000000004,"failureMessages":["ReferenceError: localStorage is not defined\n    at C:/Users/joker/Documents/GitHub/1/app/lib/auth/sessionPersistence.test.ts:12:5\n    at file:///C:/Users/joker/Documents/GitHub/1/node_modules/@vitest/runner/dist/chunk-artifact.js:302:11\n    at wrapper (file:///C:/Users/joker/Documents/GitHub/1/node_modules/@vitest/runner/dist/chunk-artifact.js:712:10)\n    at file:///C:/Users/joker/Documents/GitHub/1/node_modules/@vitest/runner/dist/chunk-artifact.js:2295:20\n    at new Promise (<anonymous>)\n    at runWithTimeout (file:///C:/Users/joker/Documents/GitHub/1/node_modules/@vitest/runner/dist/chunk-artifact.js:2262:10)\n    at file:///C:/Users/joker/Documents/GitHub/1/node_modules/@vitest/runner/dist/chunk-artifact.js:2611:52\n    at run (file:///C:/Users/joker/Documents/GitHub/1/node_modules/@vitest/runner/dist/chunk-artifact.js:1140:20)\n    at limiterFn (file:///C:/Users/joker/Documents/GitHub/1/node_modules/@vitest/runner/dist/chunk-artifact.js:1152:59)\n    at runHook (file:///C:/Users/joker/Documents/GitHub/1/node_modules/@vitest/runner/dist/chunk-artifact.js:2610:10)"],"meta":{},"tags":[]},{"ancestorTitles":["sessionPersistence"],"fullName":"sessionPersistence stores ephemeral browser session markers when keep logged in is off","status":"failed","title":"stores ephemeral browser session markers when keep logged in is off","duration":0.24529999999998608,"failureMessages":["ReferenceError: localStorage is not defined\n    at C:/Users/joker/Documents/GitHub/1/app/lib/auth/sessionPersistence.test.ts:12:5\n    at file:///C:/Users/joker/Documents/GitHub/1/node_modules/@vitest/runner/dist/chunk-artifact.js:302:11\n    at wrapper (file:///C:/Users/joker/Documents/GitHub/1/node_modules/@vitest/runner/dist/chunk-artifact.js:712:10)\n    at file:///C:/Users/joker/Documents/GitHub/1/node_modules/@vitest/runner/dist/chunk-artifact.js:2295:20\n    at new Promise (<anonymous>)\n    at runWithTimeout (file:///C:/Users/joker/Documents/GitHub/1/node_modules/@vitest/runner/dist/chunk-artifact.js:2262:10)\n    at file:///C:/Users/joker/Documents/GitHub/1/node_modules/@vitest/runner/dist/chunk-artifact.js:2611:52\n    at run (file:///C:/Users/joker/Documents/GitHub/1/node_modules/@vitest/runner/dist/chunk-artifact.js:1140:20)\n    at limiterFn (file:///C:/Users/joker/Documents/GitHub/1/node_modules/@vitest/runner/dist/chunk-artifact.js:1152:59)\n    at runHook (file:///C:/Users/joker/Documents/GitHub/1/node_modules/@vitest/runner/dist/chunk-artifact.js:2610:10)"],"meta":{},"tags":[]},{"ancestorTitles":["sessionPersistence"],"fullName":"sessionPersistence clears ephemeral markers when keep logged in is on","status":"failed","title":"clears ephemeral markers when keep logged in is on","duration":0.19210000000003902,"failureMessages":["ReferenceError: localStorage is not defined\n    at C:/Users/joker/Documents/GitHub/1/app/lib/auth/sessionPersistence.test.ts:12:5\n    at file:///C:/Users/joker/Documents/GitHub/1/node_modules/@vitest/runner/dist/chunk-artifact.js:302:11\n    at wrapper (file:///C:/Users/joker/Documents/GitHub/1/node_modules/@vitest/runner/dist/chunk-artifact.js:712:10)\n    at file:///C:/Users/joker/Documents/GitHub/1/node_modules/@vitest/runner/dist/chunk-artifact.js:2295:20\n    at new Promise (<anonymous>)\n    at runWithTimeout (file:///C:/Users/joker/Documents/GitHub/1/node_modules/@vitest/runner/dist/chunk-artifact.js:2262:10)\n    at file:///C:/Users/joker/Documents/GitHub/1/node_modules/@vitest/runner/dist/chunk-artifact.js:2611:52\n    at run (file:///C:/Users/joker/Documents/GitHub/1/node_modules/@vitest/runner/dist/chunk-artifact.js:1140:20)\n    at limiterFn (file:///C:/Users/joker/Documents/GitHub/1/node_modules/@vitest/runner/dist/chunk-artifact.js:1152:59)\n    at runHook (file:///C:/Users/joker/Documents/GitHub/1/node_modules/@vitest/runner/dist/chunk-artifact.js:2610:10)"],"meta":{},"tags":[]},{"ancestorTitles":["sessionPersistence"],"fullName":"sessionPersistence signs out when session-only preference is set and browser session marker is missing","status":"failed","title":"signs out when session-only preference is set and browser session marker is missing","duration":0.15660000000002583,"failureMessages":["ReferenceError: localStorage is not defined\n    at C:/Users/joker/Documents/GitHub/1/app/lib/auth/sessionPersistence.test.ts:12:5\n    at file:///C:/Users/joker/Documents/GitHub/1/node_modules/@vitest/runner/dist/chunk-artifact.js:302:11\n    at wrapper (file:///C:/Users/joker/Documents/GitHub/1/node_modules/@vitest/runner/dist/chunk-artifact.js:712:10)\n    at file:///C:/Users/joker/Documents/GitHub/1/node_modules/@vitest/runner/dist/chunk-artifact.js:2295:20\n    at new Promise (<anonymous>)\n    at runWithTimeout (file:///C:/Users/joker/Documents/GitHub/1/node_modules/@vitest/runner/dist/chunk-artifact.js:2262:10)\n    at file:///C:/Users/joker/Documents/GitHub/1/node_modules/@vitest/runner/dist/chunk-artifact.js:2611:52\n    at run (file:///C:/Users/joker/Documents/GitHub/1/node_modules/@vitest/runner/dist/chunk-artifact.js:1140:20)\n    at limiterFn (file:///C:/Users/joker/Documents/GitHub/1/node_modules/@vitest/runner/dist/chunk-artifact.js:1152:59)\n    at runHook (file:///C:/Users/joker/Documents/GitHub/1/node_modules/@vitest/runner/dist/chunk-artifact.js:2610:10)"],"meta":{},"tags":[]},{"ancestorTitles":["sessionPersistence"],"fullName":"sessionPersistence keeps session when ephemeral browser session marker is active (shared across tabs)","status":"failed","title":"keeps session when ephemeral browser session marker is active (shared across tabs)","duration":0.14239999999995234,"failureMessages":["ReferenceError: localStorage is not defined\n    at C:/Users/joker/Documents/GitHub/1/app/lib/auth/sessionPersistence.test.ts:12:5\n    at file:///C:/Users/joker/Documents/GitHub/1/node_modules/@vitest/runner/dist/chunk-artifact.js:302:11\n    at wrapper (file:///C:/Users/joker/Documents/GitHub/1/node_modules/@vitest/runner/dist/chunk-artifact.js:712:10)\n    at file:///C:/Users/joker/Documents/GitHub/1/node_modules/@vitest/runner/dist/chunk-artifact.js:2295:20\n    at new Promise (<anonymous>)\n    at runWithTimeout (file:///C:/Users/joker/Documents/GitHub/1/node_modules/@vitest/runner/dist/chunk-artifact.js:2262:10)\n    at file:///C:/Users/joker/Documents/GitHub/1/node_modules/@vitest/runner/dist/chunk-artifact.js:2611:52\n    at run (file:///C:/Users/joker/Documents/GitHub/1/node_modules/@vitest/runner/dist/chunk-artifact.js:1140:20)\n    at limiterFn (file:///C:/Users/joker/Documents/GitHub/1/node_modules/@vitest/runner/dist/chunk-artifact.js:1152:59)\n    at runHook (file:///C:/Users/joker/Documents/GitHub/1/node_modules/@vitest/runner/dist/chunk-artifact.js:2610:10)"],"meta":{},"tags":[]},{"ancestorTitles":["sessionPersistence"],"fullName":"sessionPersistence registers a second tab without requiring a per-tab sessionStorage marker","status":"failed","title":"registers a second tab without requiring a per-tab sessionStorage marker","duration":0.14280000000002246,"failureMessages":["ReferenceError: localStorage is not defined\n    at C:/Users/joker/Documents/GitHub/1/app/lib/auth/sessionPersistence.test.ts:12:5\n    at file:///C:/Users/joker/Documents/GitHub/1/node_modules/@vitest/runner/dist/chunk-artifact.js:302:11\n    at wrapper (file:///C:/Users/joker/Documents/GitHub/1/node_modules/@vitest/runner/dist/chunk-artifact.js:712:10)\n    at file:///C:/Users/joker/Documents/GitHub/1/node_modules/@vitest/runner/dist/chunk-artifact.js:2295:20\n    at new Promise (<anonymous>)\n    at runWithTimeout (file:///C:/Users/joker/Documents/GitHub/1/node_modules/@vitest/runner/dist/chunk-artifact.js:2262:10)\n    at file:///C:/Users/joker/Documents/GitHub/1/node_modules/@vitest/runner/dist/chunk-artifact.js:2611:52\n    at run (file:///C:/Users/joker/Documents/GitHub/1/node_modules/@vitest/runner/dist/chunk-artifact.js:1140:20)\n    at limiterFn (file:///C:/
[...]
36,"failureMessages":[],"meta":{},"tags":[]},{"ancestorTitles":["SpaceEnvironment"],"fullName":"SpaceEnvironment 11. update cameraX=80 → 첫 번째 별 레이어 X 위치 변화","status":"passed","title":"11. update cameraX=80 → 첫 번째 별 레이어 X 위치 변화","duration":0.5441000000000713,"failureMessages":[],"meta":{},"tags":[]},{"ancestorTitles":["SpaceEnvironment"],"fullName":"SpaceEnvironment 12. yawDeg=90 → 초기 panoRotation이 π/2 (90°)","status":"passed","title":"12. yawDeg=90 → 초기 panoRotation이 π/2 (90°)","duration":0.4897000000000844,"failureMessages":[],"meta":{},"tags":[]},{"ancestorTitles":["SpaceEnvironment"],"fullName":"SpaceEnvironment 13. yawDeg 미지정(default) → 초기 panoRotation = 0","status":"passed","title":"13. yawDeg 미지정(default) → 초기 panoRotation = 0","duration":0.6392000000000735,"failureMessages":[],"meta":{},"tags":[]},{"ancestorTitles":["SpaceEnvironment"],"fullName":"SpaceEnvironment 14. yawDeg=-180 → 초기 panoRotation = -π","status":"passed","title":"14. yawDeg=-180 → 초기 panoRotation = -π","duration":1.0736000000000558,"failureMessages":[],"meta":{},"tags":[]},{"ancestorTitles":["SpaceEnvironment"],"fullName":"SpaceEnvironment 15. enhanced 배경 보정 — uVignetteScale > 1.0","status":"passed","title":"15. enhanced 배경 보정 — uVignetteScale > 1.0","duration":0.6475000000000364,"failureMessages":[],"meta":{},"tags":[]},{"ancestorTitles":["SpaceEnvironment"],"fullName":"SpaceEnvironment 16. enhanced 배경 보정 — uGrainScale < 1.0 (grain 최소화)","status":"passed","title":"16. enhanced 배경 보정 — uGrainScale < 1.0 (grain 최소화)","duration":0.6274000000000797,"failureMessages":[],"meta":{},"tags":[]},{"ancestorTitles":["SpeedVFX"],"fullName":"SpeedVFX 1. scene에 InstancedMesh 2개 추가됨 (edge + center)","status":"passed","title":"1. scene에 InstancedMesh 2개 추가됨 (edge + center)","duration":0.9293999999999869,"failureMessages":[],"meta":{},"tags":[]},{"ancestorTitles":["SpeedVFX"],"fullName":"SpeedVFX 2. 초기 edge opacity = 0","status":"passed","title":"2. 초기 edge opacity = 0","duration":0.4056999999999107,"failureMessages":[],"meta":{},"tags":[]},{"ancestorTitles":["SpeedVFX"],"fullName":"SpeedVFX 3. 초기 center opacity = 0","status":"passed","title":"3. 초기 center opacity = 0","duration":0.34120000000007167,"failureMessages":[],"meta":{},"tags":[]},{"ancestorTitles":["SpeedVFX"],"fullName":"SpeedVFX 4. 저속(speed=0.48) → center opacity ≈ 0 유지","status":"passed","title":"4. 저속(speed=0.48) → center opacity ≈ 0 유지","duration":1.3345999999999094,"failureMessages":[],"meta":{},"tags":[]},{"ancestorTitles":["SpeedVFX"],"fullName":"SpeedVFX 5. 고속(speed=0.75) → edge opacity > 0","status":"passed","title":"5. 고속(speed=0.75) → edge opacity > 0","duration":1.1218999999999824,"failureMessages":[],"meta":{},"tags":[]},{"ancestorTitles":["SpeedVFX"],"fullName":"SpeedVFX 6. 고속(speed=0.75) → center opacity > 0","status":"passed","title":"6. 고속(speed=0.75) → center opacity > 0","duration":0.6388999999999214,"failureMessages":[],"meta":{},"tags":[]},{"ancestorTitles":["SpeedVFX"],"fullName":"SpeedVFX 7. speed=0 → 수렴 후 edge opacity ≈ 0","status":"passed","title":"7. speed=0 → 수렴 후 edge opacity ≈ 0","duration":0.6903999999999542,"failureMessages":[],"meta":{},"tags":[]},{"ancestorTitles":["SpeedVFX"],"fullName":"SpeedVFX 8. opacity 상한 ≤ 0.65","status":"passed","title":"8. opacity 상한 ≤ 0.65","duration":1.7971000000000004,"failureMessages":[],"meta":{},"tags":[]},{"ancestorTitles":["SpeedVFX"],"fullName":"SpeedVFX 9. dispose → scene에서 InstancedMesh 제거","status":"passed","title":"9. dispose → scene에서 InstancedMesh 제거","duration":0.4272000000000844,"failureMessages":[],"meta":{},"tags":[]},{"ancestorTitles":["SpeedVFX"],"fullName":"SpeedVFX 10. update 반복 — scene.children 수 변화 없음 (객체 증가 없음)","status":"passed","title":"10. update 반복 — scene.children 수 변화 없음 (객체 증가 없음)","duration":0.7850999999999431,"failureMessages":[],"meta":{},"tags":[]},{"ancestorTitles":["BridgeRenderer (enhanced)"],"fullName":"BridgeRenderer (enhanced) 1. enhanced 폴백 — legacy와 동일 4자식 (상판·패드·좌빔·우빔)","status":"passed","title":"1. enhanced 폴백 — legacy와 동일 4자식 (상판·패드·좌빔·우빔)","duration":0.2727999999999611,"failureMessages":[],"meta":{},"tags":[]},{"ancestorTitles":["BridgeRenderer (enhanced)"],"fullName":"BridgeRenderer (enhanced) 2. enhanced 상판 material이 MeshBasicMaterial (레인 색)","status":"passed","title":"2. enhanced 상판 material이 MeshBasicMaterial (레인 색)","duration":0.2785000000000082,"failureMessages":[],"meta":{},"tags":[]},{"ancestorTitles":["BridgeRenderer (enhanced)"],"fullName":"BridgeRenderer (enhanced) 3. 같은 lane은 동일 deck material 참조 (공유)","status":"passed","title":"3. 같은 lane은 동일 deck material 참조 (공유)","duration":0.2037999999998874,"failureMessages":[],"meta":{},"tags":[]},{"ancestorTitles":["BridgeRenderer (enhanced)"],"fullName":"BridgeRenderer (enhanced) 4. 레인별 상판 색상 — LANE_COLORS와 일치","status":"passed","title":"4. 레인별 상판 색상 — LANE_COLORS와 일치","duration":0.3150999999999158,"failureMessages":[],"meta":{},"tags":[]},{"ancestorTitles":["BridgeRenderer (enhanced)"],"fullName":"BridgeRenderer (enhanced) 5. 상판 geometry 크기 — legacy와 동일","status":"passed","title":"5. 상판 geometry 크기 — legacy와 동일","duration":0.17290000000002692,"failureMessages":[],"meta":{},"tags":[]},{"ancestorTitles":["BridgeRenderer (enhanced)"],"fullName":"BridgeRenderer (enhanced) 6. removeBridge — geometry dispose 호출, scene 제거","status":"passed","title":"6. removeBridge — geometry dispose 호출, scene 제거","duration":0.22060000000010405,"failureMessages":[],"meta":{},"tags":[]},{"ancestorTitles":["BridgeRenderer (enhanced)"],"fullName":"BridgeRenderer (enhanced) 7. dispose — 공유 material dispose 호출","status":"passed","title":"7. dispose — 공유 material dispose 호출","duration":0.21839999999997417,"failureMessages":[],"meta":{},"tags":[]},{"ancestorTitles":["BridgeRenderer enhanced deck bounds"],"fullName":"BridgeRenderer enhanced deck bounds visible fallback parts stay within the deck width","status":"passed","title":"visible fallback parts stay within the deck width","duration":1.1108999999999014,"failureMessages":[],"meta":{},"tags":[]},{"ancestorTitles":["PunchVFX"],"fullName":"PunchVFX 1. 생성 — scene에 Points 1 + Mesh 2 (링+플래시) 추가","status":"passed","title":"1. 생성 — scene에 Points 1 + Mesh 2 (링+플래시) 추가","duration":1.7848000000000184,"failureMessages":[],"meta":{},"tags":[]},{"ancestorTitles":["PunchVFX"],"fullName":"PunchVFX 2. 초기 상태 — isActive() = false","status":"passed","title":"2. 초기 상태 — isActive() = false","duration":0.4472000000000662,"failureMessages":[],"meta":{},"tags":[]},{"ancestorTitles":["PunchVFX"],"fullName":"PunchVFX 3. trigger 후 — isActive() = true","status":"passed","title":"3. trigger 후 — isActive() = true","duration":0.36549999999999727,"failureMessages":[],"meta":{},"tags":[]},{"ancestorTitles":["PunchVFX"],"fullName":"PunchVFX 4. 140ms(0.14s) 이상 update 후 — isActive() = false (자동 소멸)","status":"passed","title":"4. 140ms(0.14s) 이상 update 후 — isActive() = false (자동 소멸)","duration":0.2777999999999565,"failureMessages":[],"meta":{},"tags":[]},{"ancestorTitles":["PunchVFX"],"fullName":"PunchVFX 5. getParticleCount() — 항상 고정 40","status":"passed","title":"5. getParticleCount() — 항상 고정 40","duration":0.3007000000000062,"failureMessages":[],"meta":{},"tags":[]},{"ancestorTitles":["PunchVFX"],"fullName":"PunchVFX 6. 반복 trigger — scene.children 수 변화 없음 (pool 재사용)","status":"passed","title":"6. 반복 trigger — scene.children 수 변화 없음 (pool 재사용)","duration":0.2765000000000555,"failureMessages":[],"meta":{},"tags":[]},{"ancestorTitles":["PunchVFX"],"fullName":"PunchVFX 7. dispose — scene에서 모든 객체 제거","status":"passed","title":"7. dispose — scene에서 모든 객체 제거","duration":0.6825999999999794,"failureMessages":[],"meta":{},"tags":[]},{"ancestorTitles":["ArenaRenderer"],"fullName":"ArenaRenderer 1. HIGH quality — scene에 7개 객체 추가 (플랫폼×2 + 링×3 + 운석 + UFO)","status":"passed","title":"1. HIGH quality — scene에 7개 객체 추가 (플랫폼×2 + 링×3 + 운석 + UFO)","duration":2.413099999999986,"failureMessages":[],"meta":{},"tags":[]},{"ancestorTitles":["ArenaRenderer"],"fullName":"ArenaRenderer 2. 플랫폼 platLeft/platRight는 InstancedMesh","status":"passed","title":"2. 플랫폼 platLeft/platRight는 InstancedMesh","duration":0.6417999999999893,"failureMessages":[],"meta":{},"tags":[]},{"ancestorTitles":["ArenaRenderer"],"fullName":"ArenaRenderer 3. HIGH vs LOW — platLeft.count HIGH > LOW","status":"passed","title":"3. HIGH vs LOW — platLeft.count HIGH > LOW","duration":0.8532000000000153,"failureMessages":[],"meta":{},"tags":[]},{"ancestorTitles":["ArenaRenderer"],"fullName":"ArenaRenderer 4. update 반복 — scene.children 수 변화 없음 (객체 증가 없음)","status":"passed","title":"4. update 반복 — scene.children 수 변화 없음 (객체 증가 없음)","duration":1.5357999999999947,"failureMessages":[],"meta":{},"tags":[]},{"ancestorTitles":["ArenaRenderer"],"fullName":"ArenaRenderer 5. update 후 Z 위치 변화 (플랫폼 스크롤 확인)","status":"passed","title":"5. update 후 Z 위치 변화 (플랫폼 스크롤 확인)","duration":0.48919999999998254,"failureMessages":[],"meta":{},"tags":[]},{"ancestorTitles":["ArenaRenderer"],"fullName":"ArenaRenderer 6. dispose — scene에서 모든 객체 제거","status":"passed","title":"6. dispose — scene에서 모든 객체 제거","duration":1.0947999999999638,"failureMessages":[],"meta":{},"tags":[]}],"startTime":1786566285504,"endTime":1786566285557.0947,"status":"passed","message":"","name":"C:/Users/joker/Documents/GitHub/1/app/admin/spomove/training/_player/flow-lab/flow-lab.test.ts"},{"assertionResults":[{"ancestorTitles":["quadrantLaneCountToResultLaneCount"],"fullName":"quadrantLaneCountToResultLaneCount maps Wormhole quadrants to the shared reactTrain result color order","status":"passed","title":"maps Wormhole quadrants to the shared reactTrain result color order","duration":1.210800000000006,"failureMessages":[],"meta":{},"tags":[]},{"ancestorTitles":["quadrantLaneCountToResultLaneCount"],"fullName":"quadrantLaneCountToResultLaneCount triggers asteroid bursts near peak scale only once per asteroid","status":"passed","title":"triggers asteroid bursts near peak scale only once per asteroid","duration":0.5748000000000388,"failureMessages":[],"meta":{},"tags":[]}],"startTime":1786566288687,"endTime":1786566288689.5747,"status":"passed","message":"","name":"C:/Users/joker/Documents/GitHub/1/app/admin/spomove/training/_player/components/WormholeReactionTraining.test.ts"},{"assertionResults":[{"ancestorTitles":["normalizeTransactionPayloadForInvariants"],"fullName":"normalizeTransactionPayloadForInvariants promotes blocks out of forbidden parents before RPC persistence","status":"passed","title":"promotes blocks out of forbidden parents before RPC persistence","duration":1.6182999999999765,"failureMessages":[],"meta":{},"tags":[]},{"ancestorTitles":["normalizeTransactionPayloadForInvariants"],"fullName":"normalizeTransactionPayloadForInvariants normalizes created children against the whole document tree","status":"failed","title":"normalizes created children against the whole document tree","duration":5.585399999999936,"failureMessages":["AssertionError: expected [ { id: 'child-page', …(4) }, …(1) ] to deeply equal [ ObjectContaining{…}, …(1) ]\n    at C:/Users/joker/Documents/GitHub/1/app/api/admin/note/blocks/transaction/route.test.ts:56:28\n    at file:///C:/Users/joker/Documents/GitHub/1/node_modules/@vitest/runner/dist/chunk-artifact.js:302:11\n    at file:///C:/Users/joker/Documents/GitHub/1/node_modules/@vitest/runner/dist/chunk-artifact.js:1893:26\n    at file:///C:/Users/joker/Documents/GitHub/1/node_modules/@vitest/runner/dist/chunk-artifact.js:2316:20\n    at new Promise (<anonymous>)\n    at runWithCancel (file:///C:/Users/joker/Documents/GitHub/1/node_modules/@vitest/runner/dist/chunk-artifact.js:2313:10)\n    at file:///C:/Users/joker/Documents/GitHub/1/node_modules/@vitest/runner/dist/chunk-artifact.js:2295:20\n    at new Promise (<anonymous>)\n    at runWithTimeout (file:///C:/Users/joker/Documents/GitHub/1/node_modules/@vitest/runner/dist/chunk-artifact.js:2262:10)\n    at file:///C:/Users/joker/Documents/GitHub/1/node_modules/@vitest/runner/dist/chunk-artifact.js:2945:64"],"meta":{},"tags":[]},{"ancestorTitles":["normalizeTransactionPayloadForInvariants"],"fullName":"normalizeTransactionPayloadForInvariants ignores deleted blocks when computing the persisted projection","status":"failed","title":"ignores deleted blocks when computing the persisted projection","duration":1.5126000000000204,"failureMessages":["AssertionError: expected { id: 'keep', order_index: 10, …(3) } to match object { id: 'keep', …(2) }\n(2 matching properties omitted from actual)\n    at Proxy.<anonymous> (file:///C:/Users/joker/Documents/GitHub/1/node_modules/@vitest/expect/dist/index.js:1282:10)\n    at Proxy.<anonymous> (file:///C:/Users/joker/Documents/GitHub/1/node_modules/@vitest/expect/dist/index.js:1155:15)\n    at Proxy.methodWrapper (file:///C:/Users/joker/Documents/GitHub/1/node_modules/chai/index.js:1700:25)\n    at C:/Users/joker/Documents/GitHub/1/app/api/admin/note/blocks/transaction/route.test.ts:75:31\n    at file:///C:/Users/joker/Documents/GitHub/1/node_modules/@vitest/runner/dist/chunk-artifact.js:302:11\n    at file:///C:/Users/joker/Documents/GitHub/1/node_modules/@vitest/runner/dist/chunk-artifact.js:1893:26\n    at file:///C:/Users/joker/Documents/GitHub/1/node_modules/@vitest/runner/dist/chunk-artifact.js:2316:20\n    at new Promise (<anonymous>)\n    at runWithCancel (file:///C:/Users/joker/Documents/GitHub/1/node_modules/@vitest/runner/dist/chunk-artifact.js:2313:10)\n    at file:///C:/Users/joker/Documents/GitHub/1/node_modules/@vitest/runner/dist/chunk-artifact.js:2295:20"],"meta":{},"tags":[]}],"startTime":1786566285418,"endTime":1786566285426.5127,"status":"failed","message":"","name":"C:/Users/joker/Documents/GitHub/1/app/api/admin/note/blocks/transaction/route.test.ts"},{"assertionResults":[{"ancestorTitles":["restoreBlocksForDocumentDelete"],"fullName":"restoreBlocksForDocumentDelete restores only blocks deleted in the same document delete batch","status":"passed","title":"restores only blocks deleted in the same document delete batch","duration":1.5768999999999664,"failureMessages":[],"meta":{},"tags":[]},{"ancestorTitles":["restoreBlocksForDocumentDelete"],"fullName":"restoreBlocksForDocumentDelete does nothing when the document is not deleted","status":"passed","title":"does nothing when the document is not deleted","duration":0.151299999999992,"failureMessages":[],"meta":{},"tags":[]}],"startTime":1786566288503,"endTime":1786566288505.1514,"status":"passed","message":"","name":"C:/Users/joker/Documents/GitHub/1/app/api/admin/note/trash/restore/route.test.ts"},{"assertionResults":[{"ancestorTitles":["admin content-audit route contract"],"fullName":"admin content-audit route contract requires admin and uses service role reads only","status":"passed","title":"requires admin and uses service role reads only","duration":1.006399999999985,"failureMessages":[],"meta":{},"tags":[]},{"ancestorTitles":["admin content-audit route contract"],"fullName":"admin content-audit route contract returns Phase E checklist columns for top N programs","status":"passed","title":"returns Phase E checklist columns for top N programs","duration":0.1745999999999981,"failureMessages":[],"meta":{},"tags":[]}],"startTime":1786566288687,"endTime":1786566288688.1746,"status":"passed","message":"","name":"C:/Users/joker/Documents/GitHub/1/app/api/admin/spokedu-master/programs/content-audit/route.contract.test.ts"},{"assertionResults":[{"ancestorTitles":["sync-center Master meta row creation"],"fullName":"sync-center Master meta row creation creates the minimal empty Meta payload for new overlay inserts","status":"passed","title":"creates the minimal empty Meta payload for new overlay inserts","duration":1.5354000000000099,"failureMessages":[],"meta":{},"tags":[]},{"ancestorTitles":["sync-center Master meta row creation"],"fullName":"sync-center Master meta row creation does not overwrite existing Meta rows or create rows for overlay updates","status":"passed","title":"does not overwrite existing Meta rows or create rows for overlay updates","duration":0.2600999999999942,"failureMessages":[],"meta":{},"tags":[]},{"ancestorTitles":["sync-center Master meta row creation"],"fullName":"sync-center Master meta row creation does not add inferred content fields to the Meta payload","status":"passed","title":"does not add inferred content fields to the Meta payload","duration":0.6482000000000028,"failureMessages":[],"meta":{},"tags":[]},{"ancestorTitles":["sync-center Master meta row creation"],"fullName":"sync-center Master meta row creation is called by both overlay insertion paths without mutating GET handlers","status":"passed","title":"is called by both overlay insertion paths without mutating GET handlers","duration":3.8438999999999908,"failureMessages":[],"meta":{},"tags":[]},{"ancestorTitles":["sync-center Master meta row creation"],"fullName":"sync-center Master meta row creation syncs only shared center curriculum fields into the subscription overlay","status":"passed","title":"syncs only shared center curriculum fields into the subscription overlay","duration":0.6274999999999977,"failureMessages":[],"meta":{},"tags":[]}],"startTime":1786566286027,"endTime":1786566286034.6274,"status":"passed","message":"","name":"C:/Users/joker/Documents/GitHub/1/app/api/admin/spokedu-master/programs/sync-center/metaRowContract.test.ts"},{"assertionResults":[{"ancestorTitles":["SPOKEDU MASTER billing cancellation route"],"fullName":"SPOKEDU MASTER billing cancellation route rejects manually issued active subscriptions without scheduling cancellation","status":"passed","title":"rejects manually issued active subscriptions without scheduling cancellation","duration":3.857599999999991,"failureMessages":[],"meta":{},"tags":[]},{"ancestorTitles":["SPOKEDU MASTER billing cancellation route"],"fullName":"SPOKEDU MASTER billing cancellation route schedules billing subscriptions and removes the stored billing key","status":"passed","title":"schedules billing subscriptions and removes the stored billing key","duration":3.3839000000000397,"failureMessages":[],"meta":{},"tags":[]}],"startTime":1786566285719,"endTime":1786566285726.3838,"status":"passed","message":"","name":"C:/Users/joker/Documents/GitHub/1/app/api/spokedu-master/payment/billing/cancel/route.test.ts"},{"assertionResults":[{"ancestorTitles":["block trash restore planning"],"fullName":"block trash restore planning restores descendants from the same delete batch","status":"passed","title":"restores descendants from the same delete batch","duration":1.2699999999999818,"failureMessages":[],"meta":{},"tags":[]},{"ancestorTitles":["block trash restore planning"],"fullName":"block trash restore planning keeps restored children attached to live or restoring parents","status":"passed","title":"keeps restored children attached to live or restoring parents","duration":0.16039999999998145,"failureMessages":[],"meta":{},"tags":[]},{"ancestorTitles":["block trash restore planning"],"fullName":"block trash restore planning detaches restored roots whose parent is missing or still deleted","status":"passed","title":"detaches restored roots whose parent is missing or still deleted","duration":0.13159999999999172,"failureMessages":[],"meta":{},"tags":[]},{"ancestorTitles":["block trash restore planning"],"fullName":"block trash restore planning expands column restore to deleted columnList ancestor","status":"passed","title":"expands column restore to deleted columnList ancestor","duration":0.13060000000001537,"failureMessages":[],"meta":{},"tags":[]},{"ancestorTitles":["block trash restore planning"],"fullName":"block trash restore planning does not detach column to illegal root when parent still deleted","status":"passed","title":"does not detach column to illegal root when parent still deleted","duration":0.08199999999999363,"failureMessages":[],"meta":{},"tags":[]}],"startTime":1786566287901,"endTime":1786566287902.27,"status":"passed","message":"","name":"C:/Users/joker/Documents/GitHub/1/app/api/admin/note/blocks/trash/restore/route.test.ts"}]}